{"/home/joaofp/drivent-boaspraticas/src/app.ts": {"path":"/home/joaofp/drivent-boaspraticas/src/app.ts","statementMap":{"0":{"start":{"line":1,"column":0},"end":{"line":1,"column":26}},"1":{"start":{"line":2,"column":0},"end":{"line":2,"column":30}},"2":{"start":{"line":3,"column":0},"end":{"line":3,"column":43}},"3":{"start":{"line":4,"column":0},"end":{"line":4,"column":24}},"4":{"start":{"line":6,"column":0},"end":{"line":6,"column":60}},"5":{"start":{"line":8,"column":0},"end":{"line":8,"column":10}},"6":{"start":{"line":10,"column":0},"end":{"line":10,"column":56}},"7":{"start":{"line":11,"column":0},"end":{"line":11,"column":null}},"8":{"start":{"line":22,"column":12},"end":{"line":22,"column":21}},"9":{"start":{"line":23,"column":0},"end":{"line":35,"column":32}},"10":{"start":{"line":26,"column":33},"end":{"line":26,"column":48}},"11":{"start":{"line":38,"column":2},"end":{"line":38,"column":14}},"12":{"start":{"line":39,"column":2},"end":{"line":39,"column":30}},"13":{"start":{"line":37,"column":0},"end":{"line":37,"column":16}},"14":{"start":{"line":43,"column":2},"end":{"line":43,"column":23}},"15":{"start":{"line":42,"column":0},"end":{"line":42,"column":7}},"16":{"start":{"line":46,"column":0},"end":{"line":46,"column":19}}},"fnMap":{"0":{"name":"(anonymous_1)","decl":{"start":{"line":26,"column":18},"end":{"line":26,"column":19}},"loc":{"start":{"line":26,"column":33},"end":{"line":26,"column":48}}},"1":{"name":"init","decl":{"start":{"line":37,"column":16},"end":{"line":37,"column":20}},"loc":{"start":{"line":37,"column":20},"end":{"line":40,"column":1}}},"2":{"name":"close","decl":{"start":{"line":42,"column":22},"end":{"line":42,"column":27}},"loc":{"start":{"line":42,"column":27},"end":{"line":44,"column":1}}}},"branchMap":{},"s":{"0":1,"1":1,"2":1,"3":1,"4":1,"5":1,"6":1,"7":1,"8":1,"9":1,"10":0,"11":1,"12":1,"13":1,"14":0,"15":1,"16":1},"f":{"0":0,"1":1,"2":0},"b":{}}
,"/home/joaofp/drivent-boaspraticas/src/server.ts": {"path":"/home/joaofp/drivent-boaspraticas/src/server.ts","statementMap":{"0":{"start":{"line":1,"column":0},"end":{"line":1,"column":34}},"1":{"start":{"line":3,"column":13},"end":{"line":3,"column":38}},"2":{"start":{"line":5,"column":0},"end":{"line":10,"column":3}},"3":{"start":{"line":6,"column":2},"end":{"line":9,"column":5}},"4":{"start":{"line":8,"column":4},"end":{"line":8,"column":56}}},"fnMap":{"0":{"name":"(anonymous_6)","decl":{"start":{"line":5,"column":12},"end":{"line":5,"column":15}},"loc":{"start":{"line":5,"column":17},"end":{"line":10,"column":1}}},"1":{"name":"(anonymous_7)","decl":{"start":{"line":6,"column":19},"end":{"line":6,"column":22}},"loc":{"start":{"line":6,"column":24},"end":{"line":9,"column":3}}}},"branchMap":{"0":{"loc":{"start":{"line":3,"column":13},"end":{"line":3,"column":38}},"type":"binary-expr","locations":[{"start":{"line":3,"column":13},"end":{"line":3,"column":30}},{"start":{"line":3,"column":34},"end":{"line":3,"column":38}}]}},"s":{"0":0,"1":0,"2":0,"3":0,"4":0},"f":{"0":0,"1":0},"b":{"0":[0,0]}}
,"/home/joaofp/drivent-boaspraticas/src/config/database.ts": {"path":"/home/joaofp/drivent-boaspraticas/src/config/database.ts","statementMap":{"0":{"start":{"line":1,"column":0},"end":{"line":1,"column":46}},"1":{"start":{"line":5,"column":2},"end":{"line":5,"column":30}},"2":{"start":{"line":4,"column":0},"end":{"line":4,"column":16}},"3":{"start":{"line":9,"column":2},"end":{"line":9,"column":30}},"4":{"start":{"line":8,"column":0},"end":{"line":8,"column":7}}},"fnMap":{"0":{"name":"connectDb","decl":{"start":{"line":4,"column":16},"end":{"line":4,"column":25}},"loc":{"start":{"line":4,"column":25},"end":{"line":6,"column":1}}},"1":{"name":"disconnectDB","decl":{"start":{"line":8,"column":22},"end":{"line":8,"column":34}},"loc":{"start":{"line":8,"column":34},"end":{"line":10,"column":1}}}},"branchMap":{},"s":{"0":1,"1":1,"2":1,"3":0,"4":1},"f":{"0":1,"1":0},"b":{}}
,"/home/joaofp/drivent-boaspraticas/src/config/envs.ts": {"path":"/home/joaofp/drivent-boaspraticas/src/config/envs.ts","statementMap":{"0":{"start":{"line":1,"column":0},"end":{"line":1,"column":28}},"1":{"start":{"line":2,"column":0},"end":{"line":2,"column":41}},"2":{"start":{"line":6,"column":4},"end":{"line":10,"column":16}},"3":{"start":{"line":12,"column":22},"end":{"line":12,"column":45}},"4":{"start":{"line":13,"column":2},"end":{"line":13,"column":35}},"5":{"start":{"line":4,"column":0},"end":{"line":4,"column":16}}},"fnMap":{"0":{"name":"loadEnv","decl":{"start":{"line":4,"column":16},"end":{"line":4,"column":23}},"loc":{"start":{"line":4,"column":23},"end":{"line":14,"column":1}}}},"branchMap":{"0":{"loc":{"start":{"line":6,"column":4},"end":{"line":10,"column":16}},"type":"cond-expr","locations":[{"start":{"line":7,"column":8},"end":{"line":7,"column":19}},{"start":{"line":8,"column":8},"end":{"line":10,"column":16}}]},"1":{"loc":{"start":{"line":8,"column":8},"end":{"line":10,"column":16}},"type":"cond-expr","locations":[{"start":{"line":9,"column":10},"end":{"line":9,"column":28}},{"start":{"line":10,"column":10},"end":{"line":10,"column":16}}]}},"s":{"0":1,"1":1,"2":2,"3":2,"4":2,"5":1},"f":{"0":2},"b":{"0":[2,0],"1":[0,0]}}
,"/home/joaofp/drivent-boaspraticas/src/config/index.ts": {"path":"/home/joaofp/drivent-boaspraticas/src/config/index.ts","statementMap":{"0":{"start":{"line":1,"column":0},"end":{"line":1,"column":23}},"1":{"start":{"line":2,"column":0},"end":{"line":2,"column":27}}},"fnMap":{},"branchMap":{},"s":{"0":1,"1":1},"f":{},"b":{}}
,"/home/joaofp/drivent-boaspraticas/src/controllers/authentication-controller.ts": {"path":"/home/joaofp/drivent-boaspraticas/src/controllers/authentication-controller.ts","statementMap":{"0":{"start":{"line":1,"column":0},"end":{"line":1,"column":88}},"1":{"start":{"line":3,"column":0},"end":{"line":3,"column":37}},"2":{"start":{"line":5,"column":30},"end":{"line":5,"column":54}},"3":{"start":{"line":7,"column":2},"end":{"line":13,"column":null}},"4":{"start":{"line":8,"column":19},"end":{"line":8,"column":74}},"5":{"start":{"line":10,"column":4},"end":{"line":10,"column":50}},"6":{"start":{"line":12,"column":4},"end":{"line":12,"column":56}},"7":{"start":{"line":4,"column":0},"end":{"line":4,"column":7}}},"fnMap":{"0":{"name":"singInPost","decl":{"start":{"line":4,"column":22},"end":{"line":4,"column":32}},"loc":{"start":{"line":4,"column":60},"end":{"line":14,"column":1}}}},"branchMap":{},"s":{"0":1,"1":1,"2":0,"3":0,"4":0,"5":0,"6":0,"7":1},"f":{"0":0},"b":{}}
,"/home/joaofp/drivent-boaspraticas/src/controllers/bookings-controller.ts": {"path":"/home/joaofp/drivent-boaspraticas/src/controllers/bookings-controller.ts","statementMap":{"0":{"start":{"line":1,"column":0},"end":{"line":1,"column":57}},"1":{"start":{"line":4,"column":0},"end":{"line":4,"column":37}},"2":{"start":{"line":7,"column":23},"end":{"line":7,"column":26}},"3":{"start":{"line":8,"column":4},"end":{"line":16,"column":null}},"4":{"start":{"line":9,"column":24},"end":{"line":9,"column":75}},"5":{"start":{"line":10,"column":8},"end":{"line":13,"column":11}},"6":{"start":{"line":15,"column":8},"end":{"line":15,"column":52}},"7":{"start":{"line":6,"column":0},"end":{"line":6,"column":7}},"8":{"start":{"line":20,"column":23},"end":{"line":20,"column":26}},"9":{"start":{"line":21,"column":23},"end":{"line":21,"column":31}},"10":{"start":{"line":22,"column":4},"end":{"line":22,"column":null}},"11":{"start":{"line":22,"column":17},"end":{"line":22,"column":61}},"12":{"start":{"line":23,"column":4},"end":{"line":28,"column":null}},"13":{"start":{"line":24,"column":24},"end":{"line":24,"column":90}},"14":{"start":{"line":25,"column":8},"end":{"line":25,"column":48}},"15":{"start":{"line":27,"column":8},"end":{"line":27,"column":35}},"16":{"start":{"line":19,"column":0},"end":{"line":19,"column":7}},"17":{"start":{"line":32,"column":23},"end":{"line":32,"column":26}},"18":{"start":{"line":34,"column":23},"end":{"line":34,"column":31}},"19":{"start":{"line":35,"column":4},"end":{"line":35,"column":null}},"20":{"start":{"line":35,"column":17},"end":{"line":35,"column":61}},"21":{"start":{"line":37,"column":4},"end":{"line":42,"column":null}},"22":{"start":{"line":38,"column":30},"end":{"line":38,"column":96}},"23":{"start":{"line":39,"column":8},"end":{"line":39,"column":68}},"24":{"start":{"line":41,"column":8},"end":{"line":41,"column":35}},"25":{"start":{"line":31,"column":0},"end":{"line":31,"column":7}}},"fnMap":{"0":{"name":"getBookings","decl":{"start":{"line":6,"column":22},"end":{"line":6,"column":33}},"loc":{"start":{"line":6,"column":74},"end":{"line":17,"column":1}}},"1":{"name":"createBooking","decl":{"start":{"line":19,"column":22},"end":{"line":19,"column":35}},"loc":{"start":{"line":19,"column":76},"end":{"line":29,"column":1}}},"2":{"name":"changeBooking","decl":{"start":{"line":31,"column":22},"end":{"line":31,"column":35}},"loc":{"start":{"line":31,"column":76},"end":{"line":43,"column":1}}}},"branchMap":{"0":{"loc":{"start":{"line":22,"column":4},"end":{"line":22,"column":null}},"type":"if","locations":[{"start":{"line":22,"column":4},"end":{"line":22,"column":null}}]},"1":{"loc":{"start":{"line":35,"column":4},"end":{"line":35,"column":null}},"type":"if","locations":[{"start":{"line":35,"column":4},"end":{"line":35,"column":null}}]}},"s":{"0":1,"1":1,"2":2,"3":2,"4":2,"5":1,"6":1,"7":1,"8":7,"9":7,"10":7,"11":1,"12":6,"13":6,"14":1,"15":5,"16":1,"17":4,"18":4,"19":4,"20":1,"21":3,"22":3,"23":1,"24":2,"25":1},"f":{"0":2,"1":7,"2":4},"b":{"0":[1],"1":[1]}}
,"/home/joaofp/drivent-boaspraticas/src/controllers/enrollments-controller.ts": {"path":"/home/joaofp/drivent-boaspraticas/src/controllers/enrollments-controller.ts","statementMap":{"0":{"start":{"line":2,"column":0},"end":{"line":2,"column":64}},"1":{"start":{"line":4,"column":0},"end":{"line":4,"column":37}},"2":{"start":{"line":7,"column":21},"end":{"line":7,"column":24}},"3":{"start":{"line":9,"column":2},"end":{"line":15,"column":null}},"4":{"start":{"line":10,"column":34},"end":{"line":10,"column":92}},"5":{"start":{"line":12,"column":4},"end":{"line":12,"column":65}},"6":{"start":{"line":14,"column":4},"end":{"line":14,"column":48}},"7":{"start":{"line":6,"column":0},"end":{"line":6,"column":7}},"8":{"start":{"line":19,"column":2},"end":{"line":28,"column":null}},"9":{"start":{"line":20,"column":4},"end":{"line":23,"column":7}},"10":{"start":{"line":25,"column":4},"end":{"line":25,"column":41}},"11":{"start":{"line":27,"column":4},"end":{"line":27,"column":50}},"12":{"start":{"line":18,"column":0},"end":{"line":18,"column":7}},"13":{"start":{"line":32,"column":18},"end":{"line":32,"column":53}},"14":{"start":{"line":34,"column":2},"end":{"line":41,"column":null}},"15":{"start":{"line":35,"column":20},"end":{"line":35,"column":67}},"16":{"start":{"line":36,"column":4},"end":{"line":36,"column":51}},"17":{"start":{"line":38,"column":4},"end":{"line":40,"column":null}},"18":{"start":{"line":39,"column":6},"end":{"line":39,"column":50}},"19":{"start":{"line":31,"column":0},"end":{"line":31,"column":7}}},"fnMap":{"0":{"name":"getEnrollmentByUser","decl":{"start":{"line":6,"column":22},"end":{"line":6,"column":41}},"loc":{"start":{"line":6,"column":82},"end":{"line":16,"column":1}}},"1":{"name":"postCreateOrUpdateEnrollment","decl":{"start":{"line":18,"column":22},"end":{"line":18,"column":50}},"loc":{"start":{"line":18,"column":91},"end":{"line":29,"column":1}}},"2":{"name":"getAddressFromCEP","decl":{"start":{"line":31,"column":22},"end":{"line":31,"column":39}},"loc":{"start":{"line":31,"column":80},"end":{"line":42,"column":1}}}},"branchMap":{"0":{"loc":{"start":{"line":38,"column":4},"end":{"line":40,"column":null}},"type":"if","locations":[{"start":{"line":38,"column":4},"end":{"line":40,"column":null}}]}},"s":{"0":1,"1":1,"2":0,"3":0,"4":0,"5":0,"6":0,"7":1,"8":0,"9":0,"10":0,"11":0,"12":1,"13":0,"14":0,"15":0,"16":0,"17":0,"18":0,"19":1},"f":{"0":0,"1":0,"2":0},"b":{"0":[0]}}
,"/home/joaofp/drivent-boaspraticas/src/controllers/events-controller.ts": {"path":"/home/joaofp/drivent-boaspraticas/src/controllers/events-controller.ts","statementMap":{"0":{"start":{"line":1,"column":0},"end":{"line":1,"column":54}},"1":{"start":{"line":3,"column":0},"end":{"line":3,"column":37}},"2":{"start":{"line":6,"column":2},"end":{"line":11,"column":null}},"3":{"start":{"line":7,"column":18},"end":{"line":7,"column":53}},"4":{"start":{"line":8,"column":4},"end":{"line":8,"column":49}},"5":{"start":{"line":10,"column":4},"end":{"line":10,"column":53}},"6":{"start":{"line":5,"column":0},"end":{"line":5,"column":7}}},"fnMap":{"0":{"name":"getDefaultEvent","decl":{"start":{"line":5,"column":22},"end":{"line":5,"column":37}},"loc":{"start":{"line":5,"column":66},"end":{"line":12,"column":1}}}},"branchMap":{},"s":{"0":1,"1":1,"2":0,"3":0,"4":0,"5":0,"6":1},"f":{"0":0},"b":{}}
,"/home/joaofp/drivent-boaspraticas/src/controllers/hotel-controller.ts": {"path":"/home/joaofp/drivent-boaspraticas/src/controllers/hotel-controller.ts","statementMap":{"0":{"start":{"line":3,"column":0},"end":{"line":3,"column":53}},"1":{"start":{"line":4,"column":0},"end":{"line":4,"column":37}},"2":{"start":{"line":7,"column":21},"end":{"line":7,"column":24}},"3":{"start":{"line":9,"column":2},"end":{"line":17,"column":null}},"4":{"start":{"line":10,"column":19},"end":{"line":10,"column":63}},"5":{"start":{"line":11,"column":4},"end":{"line":11,"column":50}},"6":{"start":{"line":13,"column":4},"end":{"line":15,"column":null}},"7":{"start":{"line":14,"column":6},"end":{"line":14,"column":50}},"8":{"start":{"line":16,"column":4},"end":{"line":16,"column":55}},"9":{"start":{"line":6,"column":0},"end":{"line":6,"column":7}},"10":{"start":{"line":21,"column":21},"end":{"line":21,"column":24}},"11":{"start":{"line":22,"column":22},"end":{"line":22,"column":32}},"12":{"start":{"line":24,"column":2},"end":{"line":36,"column":null}},"13":{"start":{"line":25,"column":19},"end":{"line":25,"column":89}},"14":{"start":{"line":27,"column":4},"end":{"line":27,"column":50}},"15":{"start":{"line":29,"column":4},"end":{"line":31,"column":null}},"16":{"start":{"line":30,"column":6},"end":{"line":30,"column":50}},"17":{"start":{"line":32,"column":4},"end":{"line":34,"column":null}},"18":{"start":{"line":33,"column":6},"end":{"line":33,"column":57}},"19":{"start":{"line":35,"column":4},"end":{"line":35,"column":50}},"20":{"start":{"line":20,"column":0},"end":{"line":20,"column":7}}},"fnMap":{"0":{"name":"getHotels","decl":{"start":{"line":6,"column":22},"end":{"line":6,"column":31}},"loc":{"start":{"line":6,"column":72},"end":{"line":18,"column":1}}},"1":{"name":"getHotelsWithRooms","decl":{"start":{"line":20,"column":22},"end":{"line":20,"column":40}},"loc":{"start":{"line":20,"column":81},"end":{"line":37,"column":1}}}},"branchMap":{"0":{"loc":{"start":{"line":13,"column":4},"end":{"line":15,"column":null}},"type":"if","locations":[{"start":{"line":13,"column":4},"end":{"line":15,"column":null}}]},"1":{"loc":{"start":{"line":29,"column":4},"end":{"line":31,"column":null}},"type":"if","locations":[{"start":{"line":29,"column":4},"end":{"line":31,"column":null}}]},"2":{"loc":{"start":{"line":32,"column":4},"end":{"line":34,"column":null}},"type":"if","locations":[{"start":{"line":32,"column":4},"end":{"line":34,"column":null}}]}},"s":{"0":1,"1":1,"2":0,"3":0,"4":0,"5":0,"6":0,"7":0,"8":0,"9":1,"10":0,"11":0,"12":0,"13":0,"14":0,"15":0,"16":0,"17":0,"18":0,"19":0,"20":1},"f":{"0":0,"1":0},"b":{"0":[0],"1":[0],"2":[0]}}
,"/home/joaofp/drivent-boaspraticas/src/controllers/index.ts": {"path":"/home/joaofp/drivent-boaspraticas/src/controllers/index.ts","statementMap":{"0":{"start":{"line":1,"column":0},"end":{"line":1,"column":35}},"1":{"start":{"line":2,"column":0},"end":{"line":2,"column":44}},"2":{"start":{"line":3,"column":0},"end":{"line":3,"column":36}},"3":{"start":{"line":4,"column":0},"end":{"line":4,"column":41}},"4":{"start":{"line":5,"column":0},"end":{"line":5,"column":37}},"5":{"start":{"line":6,"column":0},"end":{"line":6,"column":38}},"6":{"start":{"line":7,"column":0},"end":{"line":7,"column":35}}},"fnMap":{},"branchMap":{},"s":{"0":1,"1":1,"2":1,"3":1,"4":1,"5":1,"6":1},"f":{},"b":{}}
,"/home/joaofp/drivent-boaspraticas/src/controllers/payments-controller.ts": {"path":"/home/joaofp/drivent-boaspraticas/src/controllers/payments-controller.ts","statementMap":{"0":{"start":{"line":2,"column":0},"end":{"line":2,"column":57}},"1":{"start":{"line":4,"column":0},"end":{"line":4,"column":37}},"2":{"start":{"line":7,"column":2},"end":{"line":25,"column":null}},"3":{"start":{"line":8,"column":21},"end":{"line":8,"column":47}},"4":{"start":{"line":9,"column":23},"end":{"line":9,"column":26}},"5":{"start":{"line":11,"column":4},"end":{"line":13,"column":null}},"6":{"start":{"line":12,"column":6},"end":{"line":12,"column":52}},"7":{"start":{"line":14,"column":20},"end":{"line":14,"column":79}},"8":{"start":{"line":16,"column":4},"end":{"line":18,"column":null}},"9":{"start":{"line":17,"column":6},"end":{"line":17,"column":50}},"10":{"start":{"line":19,"column":4},"end":{"line":19,"column":51}},"11":{"start":{"line":21,"column":4},"end":{"line":23,"column":null}},"12":{"start":{"line":22,"column":6},"end":{"line":22,"column":53}},"13":{"start":{"line":24,"column":4},"end":{"line":24,"column":48}},"14":{"start":{"line":6,"column":0},"end":{"line":6,"column":7}},"15":{"start":{"line":29,"column":2},"end":{"line":51,"column":null}},"16":{"start":{"line":30,"column":23},"end":{"line":30,"column":26}},"17":{"start":{"line":34,"column":8},"end":{"line":34,"column":16}},"18":{"start":{"line":36,"column":4},"end":{"line":38,"column":null}},"19":{"start":{"line":37,"column":6},"end":{"line":37,"column":52}},"20":{"start":{"line":39,"column":20},"end":{"line":39,"column":83}},"21":{"start":{"line":41,"column":4},"end":{"line":43,"column":null}},"22":{"start":{"line":42,"column":6},"end":{"line":42,"column":50}},"23":{"start":{"line":45,"column":4},"end":{"line":45,"column":51}},"24":{"start":{"line":47,"column":4},"end":{"line":49,"column":null}},"25":{"start":{"line":48,"column":6},"end":{"line":48,"column":53}},"26":{"start":{"line":50,"column":4},"end":{"line":50,"column":48}},"27":{"start":{"line":28,"column":0},"end":{"line":28,"column":7}}},"fnMap":{"0":{"name":"getPaymentByTicketId","decl":{"start":{"line":6,"column":22},"end":{"line":6,"column":42}},"loc":{"start":{"line":6,"column":83},"end":{"line":26,"column":1}}},"1":{"name":"paymentProcess","decl":{"start":{"line":28,"column":22},"end":{"line":28,"column":36}},"loc":{"start":{"line":28,"column":77},"end":{"line":52,"column":1}}}},"branchMap":{"0":{"loc":{"start":{"line":11,"column":4},"end":{"line":13,"column":null}},"type":"if","locations":[{"start":{"line":11,"column":4},"end":{"line":13,"column":null}}]},"1":{"loc":{"start":{"line":16,"column":4},"end":{"line":18,"column":null}},"type":"if","locations":[{"start":{"line":16,"column":4},"end":{"line":18,"column":null}}]},"2":{"loc":{"start":{"line":21,"column":4},"end":{"line":23,"column":null}},"type":"if","locations":[{"start":{"line":21,"column":4},"end":{"line":23,"column":null}}]},"3":{"loc":{"start":{"line":36,"column":4},"end":{"line":38,"column":null}},"type":"if","locations":[{"start":{"line":36,"column":4},"end":{"line":38,"column":null}}]},"4":{"loc":{"start":{"line":36,"column":8},"end":{"line":36,"column":30}},"type":"binary-expr","locations":[{"start":{"line":36,"column":8},"end":{"line":36,"column":17}},{"start":{"line":36,"column":21},"end":{"line":36,"column":30}}]},"5":{"loc":{"start":{"line":41,"column":4},"end":{"line":43,"column":null}},"type":"if","locations":[{"start":{"line":41,"column":4},"end":{"line":43,"column":null}}]},"6":{"loc":{"start":{"line":47,"column":4},"end":{"line":49,"column":null}},"type":"if","locations":[{"start":{"line":47,"column":4},"end":{"line":49,"column":null}}]}},"s":{"0":1,"1":1,"2":0,"3":0,"4":0,"5":0,"6":0,"7":0,"8":0,"9":0,"10":0,"11":0,"12":0,"13":0,"14":1,"15":0,"16":0,"17":0,"18":0,"19":0,"20":0,"21":0,"22":0,"23":0,"24":0,"25":0,"26":0,"27":1},"f":{"0":0,"1":0},"b":{"0":[0],"1":[0],"2":[0],"3":[0],"4":[0,0],"5":[0],"6":[0]}}
,"/home/joaofp/drivent-boaspraticas/src/controllers/tickets-controller.ts": {"path":"/home/joaofp/drivent-boaspraticas/src/controllers/tickets-controller.ts","statementMap":{"0":{"start":{"line":2,"column":0},"end":{"line":2,"column":55}},"1":{"start":{"line":4,"column":0},"end":{"line":4,"column":37}},"2":{"start":{"line":7,"column":2},"end":{"line":13,"column":null}},"3":{"start":{"line":8,"column":24},"end":{"line":8,"column":60}},"4":{"start":{"line":10,"column":4},"end":{"line":10,"column":55}},"5":{"start":{"line":12,"column":4},"end":{"line":12,"column":49}},"6":{"start":{"line":6,"column":0},"end":{"line":6,"column":7}},"7":{"start":{"line":17,"column":21},"end":{"line":17,"column":24}},"8":{"start":{"line":19,"column":2},"end":{"line":25,"column":null}},"9":{"start":{"line":20,"column":24},"end":{"line":20,"column":69}},"10":{"start":{"line":22,"column":4},"end":{"line":22,"column":55}},"11":{"start":{"line":24,"column":4},"end":{"line":24,"column":48}},"12":{"start":{"line":16,"column":0},"end":{"line":16,"column":7}},"13":{"start":{"line":29,"column":21},"end":{"line":29,"column":24}},"14":{"start":{"line":32,"column":27},"end":{"line":32,"column":35}},"15":{"start":{"line":34,"column":2},"end":{"line":36,"column":null}},"16":{"start":{"line":35,"column":4},"end":{"line":35,"column":50}},"17":{"start":{"line":38,"column":2},"end":{"line":44,"column":null}},"18":{"start":{"line":39,"column":24},"end":{"line":39,"column":78}},"19":{"start":{"line":41,"column":4},"end":{"line":41,"column":60}},"20":{"start":{"line":43,"column":4},"end":{"line":43,"column":48}},"21":{"start":{"line":28,"column":0},"end":{"line":28,"column":7}}},"fnMap":{"0":{"name":"getTicketTypes","decl":{"start":{"line":6,"column":22},"end":{"line":6,"column":36}},"loc":{"start":{"line":6,"column":77},"end":{"line":14,"column":1}}},"1":{"name":"getTickets","decl":{"start":{"line":16,"column":22},"end":{"line":16,"column":32}},"loc":{"start":{"line":16,"column":73},"end":{"line":26,"column":1}}},"2":{"name":"createTicket","decl":{"start":{"line":28,"column":22},"end":{"line":28,"column":34}},"loc":{"start":{"line":28,"column":75},"end":{"line":45,"column":1}}}},"branchMap":{"0":{"loc":{"start":{"line":34,"column":2},"end":{"line":36,"column":null}},"type":"if","locations":[{"start":{"line":34,"column":2},"end":{"line":36,"column":null}}]}},"s":{"0":1,"1":1,"2":0,"3":0,"4":0,"5":0,"6":1,"7":0,"8":0,"9":0,"10":0,"11":0,"12":1,"13":0,"14":0,"15":0,"16":0,"17":0,"18":0,"19":0,"20":0,"21":1},"f":{"0":0,"1":0,"2":0},"b":{"0":[0]}}
,"/home/joaofp/drivent-boaspraticas/src/controllers/users-controller.ts": {"path":"/home/joaofp/drivent-boaspraticas/src/controllers/users-controller.ts","statementMap":{"0":{"start":{"line":1,"column":0},"end":{"line":1,"column":51}},"1":{"start":{"line":3,"column":0},"end":{"line":3,"column":37}},"2":{"start":{"line":6,"column":30},"end":{"line":6,"column":38}},"3":{"start":{"line":8,"column":2},"end":{"line":19,"column":null}},"4":{"start":{"line":9,"column":17},"end":{"line":9,"column":66}},"5":{"start":{"line":10,"column":4},"end":{"line":13,"column":7}},"6":{"start":{"line":15,"column":4},"end":{"line":17,"column":null}},"7":{"start":{"line":16,"column":6},"end":{"line":16,"column":57}},"8":{"start":{"line":18,"column":4},"end":{"line":18,"column":58}},"9":{"start":{"line":5,"column":0},"end":{"line":5,"column":7}}},"fnMap":{"0":{"name":"usersPost","decl":{"start":{"line":5,"column":22},"end":{"line":5,"column":31}},"loc":{"start":{"line":5,"column":59},"end":{"line":20,"column":1}}}},"branchMap":{"0":{"loc":{"start":{"line":15,"column":4},"end":{"line":17,"column":null}},"type":"if","locations":[{"start":{"line":15,"column":4},"end":{"line":17,"column":null}}]}},"s":{"0":1,"1":1,"2":0,"3":0,"4":0,"5":0,"6":0,"7":0,"8":0,"9":1},"f":{"0":0},"b":{"0":[0]}}
,"/home/joaofp/drivent-boaspraticas/src/errors/cannot-enroll-before-start-date-error.ts": {"path":"/home/joaofp/drivent-boaspraticas/src/errors/cannot-enroll-before-start-date-error.ts","statementMap":{"0":{"start":{"line":4,"column":2},"end":{"line":7,"column":4}},"1":{"start":{"line":3,"column":0},"end":{"line":3,"column":16}}},"fnMap":{"0":{"name":"cannotEnrollBeforeStartDateError","decl":{"start":{"line":3,"column":16},"end":{"line":3,"column":48}},"loc":{"start":{"line":3,"column":48},"end":{"line":8,"column":1}}}},"branchMap":{},"s":{"0":0,"1":1},"f":{"0":0},"b":{}}
,"/home/joaofp/drivent-boaspraticas/src/errors/cannot-list-hotels-error.ts": {"path":"/home/joaofp/drivent-boaspraticas/src/errors/cannot-list-hotels-error.ts","statementMap":{"0":{"start":{"line":4,"column":2},"end":{"line":7,"column":4}},"1":{"start":{"line":3,"column":0},"end":{"line":3,"column":16}}},"fnMap":{"0":{"name":"cannotListHotelsError","decl":{"start":{"line":3,"column":16},"end":{"line":3,"column":37}},"loc":{"start":{"line":3,"column":37},"end":{"line":8,"column":1}}}},"branchMap":{},"s":{"0":4,"1":1},"f":{"0":4},"b":{}}
,"/home/joaofp/drivent-boaspraticas/src/errors/conflict-error.ts": {"path":"/home/joaofp/drivent-boaspraticas/src/errors/conflict-error.ts","statementMap":{"0":{"start":{"line":4,"column":2},"end":{"line":7,"column":4}},"1":{"start":{"line":3,"column":0},"end":{"line":3,"column":16}}},"fnMap":{"0":{"name":"conflictError","decl":{"start":{"line":3,"column":16},"end":{"line":3,"column":29}},"loc":{"start":{"line":3,"column":45},"end":{"line":8,"column":1}}}},"branchMap":{},"s":{"0":0,"1":1},"f":{"0":0},"b":{}}
,"/home/joaofp/drivent-boaspraticas/src/errors/index.ts": {"path":"/home/joaofp/drivent-boaspraticas/src/errors/index.ts","statementMap":{"0":{"start":{"line":1,"column":0},"end":{"line":1,"column":56}},"1":{"start":{"line":2,"column":0},"end":{"line":2,"column":33}},"2":{"start":{"line":3,"column":0},"end":{"line":3,"column":37}},"3":{"start":{"line":4,"column":0},"end":{"line":4,"column":38}},"4":{"start":{"line":5,"column":0},"end":{"line":5,"column":34}},"5":{"start":{"line":6,"column":0},"end":{"line":6,"column":37}},"6":{"start":{"line":7,"column":0},"end":{"line":7,"column":32}}},"fnMap":{},"branchMap":{},"s":{"0":1,"1":1,"2":1,"3":1,"4":1,"5":1,"6":1},"f":{},"b":{}}
,"/home/joaofp/drivent-boaspraticas/src/errors/invalid-data-error.ts": {"path":"/home/joaofp/drivent-boaspraticas/src/errors/invalid-data-error.ts","statementMap":{"0":{"start":{"line":4,"column":2},"end":{"line":8,"column":4}},"1":{"start":{"line":3,"column":0},"end":{"line":3,"column":16}}},"fnMap":{"0":{"name":"invalidDataError","decl":{"start":{"line":3,"column":16},"end":{"line":3,"column":32}},"loc":{"start":{"line":3,"column":50},"end":{"line":9,"column":1}}}},"branchMap":{},"s":{"0":0,"1":1},"f":{"0":0},"b":{}}
,"/home/joaofp/drivent-boaspraticas/src/errors/invalid-email-error.ts": {"path":"/home/joaofp/drivent-boaspraticas/src/errors/invalid-email-error.ts","statementMap":{"0":{"start":{"line":4,"column":2},"end":{"line":8,"column":4}},"1":{"start":{"line":3,"column":0},"end":{"line":3,"column":16}}},"fnMap":{"0":{"name":"invalidEmailError","decl":{"start":{"line":3,"column":16},"end":{"line":3,"column":33}},"loc":{"start":{"line":3,"column":47},"end":{"line":9,"column":1}}}},"branchMap":{},"s":{"0":0,"1":1},"f":{"0":0},"b":{}}
,"/home/joaofp/drivent-boaspraticas/src/errors/not-found-error.ts": {"path":"/home/joaofp/drivent-boaspraticas/src/errors/not-found-error.ts","statementMap":{"0":{"start":{"line":4,"column":2},"end":{"line":7,"column":4}},"1":{"start":{"line":3,"column":0},"end":{"line":3,"column":16}}},"fnMap":{"0":{"name":"notFoundError","decl":{"start":{"line":3,"column":16},"end":{"line":3,"column":29}},"loc":{"start":{"line":3,"column":29},"end":{"line":8,"column":1}}}},"branchMap":{},"s":{"0":1,"1":1},"f":{"0":1},"b":{}}
,"/home/joaofp/drivent-boaspraticas/src/errors/request-error.ts": {"path":"/home/joaofp/drivent-boaspraticas/src/errors/request-error.ts","statementMap":{"0":{"start":{"line":4,"column":2},"end":{"line":10,"column":4}},"1":{"start":{"line":3,"column":0},"end":{"line":3,"column":16}}},"fnMap":{"0":{"name":"requestError","decl":{"start":{"line":3,"column":16},"end":{"line":3,"column":28}},"loc":{"start":{"line":3,"column":63},"end":{"line":11,"column":1}}}},"branchMap":{},"s":{"0":0,"1":1},"f":{"0":0},"b":{}}
,"/home/joaofp/drivent-boaspraticas/src/errors/unauthorized-error.ts": {"path":"/home/joaofp/drivent-boaspraticas/src/errors/unauthorized-error.ts","statementMap":{"0":{"start":{"line":4,"column":2},"end":{"line":7,"column":4}},"1":{"start":{"line":3,"column":0},"end":{"line":3,"column":16}}},"fnMap":{"0":{"name":"unauthorizedError","decl":{"start":{"line":3,"column":16},"end":{"line":3,"column":33}},"loc":{"start":{"line":3,"column":33},"end":{"line":8,"column":1}}}},"branchMap":{},"s":{"0":9,"1":1},"f":{"0":9},"b":{}}
,"/home/joaofp/drivent-boaspraticas/src/middlewares/authentication-middleware.ts": {"path":"/home/joaofp/drivent-boaspraticas/src/middlewares/authentication-middleware.ts","statementMap":{"0":{"start":{"line":2,"column":0},"end":{"line":2,"column":37}},"1":{"start":{"line":3,"column":0},"end":{"line":3,"column":36}},"2":{"start":{"line":5,"column":0},"end":{"line":5,"column":45}},"3":{"start":{"line":6,"column":0},"end":{"line":6,"column":34}},"4":{"start":{"line":9,"column":21},"end":{"line":9,"column":48}},"5":{"start":{"line":10,"column":2},"end":{"line":10,"column":60}},"6":{"start":{"line":10,"column":19},"end":{"line":10,"column":60}},"7":{"start":{"line":12,"column":16},"end":{"line":12,"column":40}},"8":{"start":{"line":13,"column":2},"end":{"line":13,"column":55}},"9":{"start":{"line":13,"column":14},"end":{"line":13,"column":55}},"10":{"start":{"line":15,"column":2},"end":{"line":30,"column":null}},"11":{"start":{"line":16,"column":23},"end":{"line":16,"column":78}},"12":{"start":{"line":18,"column":20},"end":{"line":22,"column":6}},"13":{"start":{"line":23,"column":4},"end":{"line":23,"column":59}},"14":{"start":{"line":23,"column":18},"end":{"line":23,"column":59}},"15":{"start":{"line":25,"column":4},"end":{"line":25,"column":24}},"16":{"start":{"line":27,"column":4},"end":{"line":27,"column":18}},"17":{"start":{"line":29,"column":4},"end":{"line":29,"column":45}},"18":{"start":{"line":8,"column":0},"end":{"line":8,"column":7}},"19":{"start":{"line":34,"column":2},"end":{"line":34,"column":64}}},"fnMap":{"0":{"name":"authenticateToken","decl":{"start":{"line":8,"column":22},"end":{"line":8,"column":39}},"loc":{"start":{"line":8,"column":100},"end":{"line":31,"column":1}}},"1":{"name":"generateUnauthorizedResponse","decl":{"start":{"line":33,"column":9},"end":{"line":33,"column":37}},"loc":{"start":{"line":33,"column":51},"end":{"line":35,"column":1}}}},"branchMap":{"0":{"loc":{"start":{"line":10,"column":2},"end":{"line":10,"column":60}},"type":"if","locations":[{"start":{"line":10,"column":2},"end":{"line":10,"column":60}}]},"1":{"loc":{"start":{"line":13,"column":2},"end":{"line":13,"column":55}},"type":"if","locations":[{"start":{"line":13,"column":2},"end":{"line":13,"column":55}}]},"2":{"loc":{"start":{"line":23,"column":4},"end":{"line":23,"column":59}},"type":"if","locations":[{"start":{"line":23,"column":4},"end":{"line":23,"column":59}}]}},"s":{"0":1,"1":1,"2":1,"3":1,"4":22,"5":22,"6":3,"7":19,"8":19,"9":0,"10":19,"11":19,"12":16,"13":16,"14":3,"15":13,"16":13,"17":3,"18":1,"19":9},"f":{"0":22,"1":9},"b":{"0":[3],"1":[0],"2":[3]}}
,"/home/joaofp/drivent-boaspraticas/src/middlewares/error-handling-middleware.ts": {"path":"/home/joaofp/drivent-boaspraticas/src/middlewares/error-handling-middleware.ts","statementMap":{"0":{"start":{"line":3,"column":0},"end":{"line":3,"column":37}},"1":{"start":{"line":6,"column":2},"end":{"line":10,"column":null}},"2":{"start":{"line":7,"column":4},"end":{"line":9,"column":7}},"3":{"start":{"line":12,"column":2},"end":{"line":16,"column":null}},"4":{"start":{"line":13,"column":4},"end":{"line":15,"column":7}},"5":{"start":{"line":18,"column":2},"end":{"line":22,"column":null}},"6":{"start":{"line":19,"column":4},"end":{"line":21,"column":7}},"7":{"start":{"line":24,"column":2},"end":{"line":28,"column":null}},"8":{"start":{"line":25,"column":4},"end":{"line":27,"column":7}},"9":{"start":{"line":30,"column":2},"end":{"line":34,"column":null}},"10":{"start":{"line":31,"column":4},"end":{"line":33,"column":7}},"11":{"start":{"line":37,"column":2},"end":{"line":37,"column":26}},"12":{"start":{"line":38,"column":2},"end":{"line":41,"column":5}},"13":{"start":{"line":5,"column":0},"end":{"line":5,"column":16}}},"fnMap":{"0":{"name":"handleApplicationErrors","decl":{"start":{"line":5,"column":16},"end":{"line":5,"column":39}},"loc":{"start":{"line":5,"column":99},"end":{"line":42,"column":1}}}},"branchMap":{"0":{"loc":{"start":{"line":6,"column":2},"end":{"line":10,"column":null}},"type":"if","locations":[{"start":{"line":6,"column":2},"end":{"line":10,"column":null}}]},"1":{"loc":{"start":{"line":12,"column":2},"end":{"line":16,"column":null}},"type":"if","locations":[{"start":{"line":12,"column":2},"end":{"line":16,"column":null}}]},"2":{"loc":{"start":{"line":12,"column":6},"end":{"line":12,"column":73}},"type":"binary-expr","locations":[{"start":{"line":12,"column":6},"end":{"line":12,"column":34}},{"start":{"line":12,"column":38},"end":{"line":12,"column":73}}]},"3":{"loc":{"start":{"line":18,"column":2},"end":{"line":22,"column":null}},"type":"if","locations":[{"start":{"line":18,"column":2},"end":{"line":22,"column":null}}]},"4":{"loc":{"start":{"line":24,"column":2},"end":{"line":28,"column":null}},"type":"if","locations":[{"start":{"line":24,"column":2},"end":{"line":28,"column":null}}]},"5":{"loc":{"start":{"line":30,"column":2},"end":{"line":34,"column":null}},"type":"if","locations":[{"start":{"line":30,"column":2},"end":{"line":34,"column":null}}]}},"s":{"0":1,"1":0,"2":0,"3":0,"4":0,"5":0,"6":0,"7":0,"8":0,"9":0,"10":0,"11":0,"12":0,"13":1},"f":{"0":0},"b":{"0":[0],"1":[0],"2":[0,0],"3":[0],"4":[0],"5":[0]}}
,"/home/joaofp/drivent-boaspraticas/src/middlewares/index.ts": {"path":"/home/joaofp/drivent-boaspraticas/src/middlewares/index.ts","statementMap":{"0":{"start":{"line":1,"column":0},"end":{"line":1,"column":44}},"1":{"start":{"line":2,"column":0},"end":{"line":2,"column":40}},"2":{"start":{"line":3,"column":0},"end":{"line":3,"column":44}}},"fnMap":{},"branchMap":{},"s":{"0":1,"1":1,"2":1},"f":{},"b":{}}
,"/home/joaofp/drivent-boaspraticas/src/middlewares/validation-middleware.ts": {"path":"/home/joaofp/drivent-boaspraticas/src/middlewares/validation-middleware.ts","statementMap":{"0":{"start":{"line":1,"column":0},"end":{"line":1,"column":44}},"1":{"start":{"line":3,"column":0},"end":{"line":3,"column":37}},"2":{"start":{"line":7,"column":2},"end":{"line":7,"column":34}},"3":{"start":{"line":6,"column":0},"end":{"line":6,"column":16}},"4":{"start":{"line":11,"column":2},"end":{"line":11,"column":36}},"5":{"start":{"line":10,"column":0},"end":{"line":10,"column":16}},"6":{"start":{"line":15,"column":2},"end":{"line":25,"column":4}},"7":{"start":{"line":16,"column":22},"end":{"line":18,"column":6}},"8":{"start":{"line":20,"column":4},"end":{"line":24,"column":null}},"9":{"start":{"line":21,"column":6},"end":{"line":21,"column":13}},"10":{"start":{"line":23,"column":6},"end":{"line":23,"column":101}},"11":{"start":{"line":23,"column":88},"end":{"line":23,"column":97}}},"fnMap":{"0":{"name":"validateBody","decl":{"start":{"line":6,"column":16},"end":{"line":6,"column":28}},"loc":{"start":{"line":6,"column":55},"end":{"line":8,"column":1}}},"1":{"name":"validateParams","decl":{"start":{"line":10,"column":16},"end":{"line":10,"column":30}},"loc":{"start":{"line":10,"column":57},"end":{"line":12,"column":1}}},"2":{"name":"validate","decl":{"start":{"line":14,"column":9},"end":{"line":14,"column":17}},"loc":{"start":{"line":14,"column":63},"end":{"line":26,"column":1}}},"3":{"name":"(anonymous_4)","decl":{"start":{"line":15,"column":9},"end":{"line":15,"column":10}},"loc":{"start":{"line":15,"column":61},"end":{"line":25,"column":3}}},"4":{"name":"(anonymous_5)","decl":{"start":{"line":23,"column":81},"end":{"line":23,"column":82}},"loc":{"start":{"line":23,"column":88},"end":{"line":23,"column":97}}}},"branchMap":{"0":{"loc":{"start":{"line":20,"column":4},"end":{"line":24,"column":null}},"type":"if","locations":[{"start":{"line":20,"column":4},"end":{"line":24,"column":null}},{"start":{"line":22,"column":11},"end":{"line":24,"column":null}}]}},"s":{"0":1,"1":1,"2":3,"3":1,"4":0,"5":1,"6":3,"7":0,"8":0,"9":0,"10":0,"11":0},"f":{"0":3,"1":0,"2":3,"3":0,"4":0},"b":{"0":[0,0]}}
,"/home/joaofp/drivent-boaspraticas/src/repositories/address-repository/index.ts": {"path":"/home/joaofp/drivent-boaspraticas/src/repositories/address-repository/index.ts","statementMap":{"0":{"start":{"line":1,"column":0},"end":{"line":1,"column":34}},"1":{"start":{"line":5,"column":2},"end":{"line":14,"column":5}},"2":{"start":{"line":20,"column":26},"end":{"line":22,"column":2}},"3":{"start":{"line":24,"column":0},"end":{"line":24,"column":33}}},"fnMap":{"0":{"name":"upsert","decl":{"start":{"line":4,"column":15},"end":{"line":4,"column":21}},"loc":{"start":{"line":4,"column":116},"end":{"line":15,"column":1}}}},"branchMap":{},"s":{"0":1,"1":0,"2":1,"3":1},"f":{"0":0},"b":{}}
,"/home/joaofp/drivent-boaspraticas/src/repositories/booking-repository/index.ts": {"path":"/home/joaofp/drivent-boaspraticas/src/repositories/booking-repository/index.ts","statementMap":{"0":{"start":{"line":1,"column":0},"end":{"line":1,"column":34}},"1":{"start":{"line":5,"column":4},"end":{"line":9,"column":7}},"2":{"start":{"line":13,"column":4},"end":{"line":17,"column":7}},"3":{"start":{"line":21,"column":4},"end":{"line":25,"column":7}},"4":{"start":{"line":29,"column":4},"end":{"line":33,"column":7}},"5":{"start":{"line":37,"column":4},"end":{"line":44,"column":null}},"6":{"start":{"line":49,"column":26},"end":{"line":55,"column":2}},"7":{"start":{"line":58,"column":0},"end":{"line":58,"column":33}}},"fnMap":{"0":{"name":"getBookingByUserId","decl":{"start":{"line":4,"column":15},"end":{"line":4,"column":33}},"loc":{"start":{"line":4,"column":48},"end":{"line":10,"column":1}}},"1":{"name":"getRoomOfBookingByRoomId","decl":{"start":{"line":12,"column":15},"end":{"line":12,"column":39}},"loc":{"start":{"line":12,"column":54},"end":{"line":18,"column":1}}},"2":{"name":"createBooking","decl":{"start":{"line":20,"column":15},"end":{"line":20,"column":28}},"loc":{"start":{"line":20,"column":57},"end":{"line":26,"column":1}}},"3":{"name":"findUserByUserId","decl":{"start":{"line":28,"column":15},"end":{"line":28,"column":31}},"loc":{"start":{"line":28,"column":46},"end":{"line":34,"column":1}}},"4":{"name":"updateRoomWithBookingId","decl":{"start":{"line":36,"column":15},"end":{"line":36,"column":38}},"loc":{"start":{"line":36,"column":72},"end":{"line":45,"column":1}}}},"branchMap":{},"s":{"0":1,"1":5,"2":5,"3":1,"4":0,"5":1,"6":1,"7":1},"f":{"0":5,"1":5,"2":1,"3":0,"4":1},"b":{}}
,"/home/joaofp/drivent-boaspraticas/src/repositories/enrollment-repository/index.ts": {"path":"/home/joaofp/drivent-boaspraticas/src/repositories/enrollment-repository/index.ts","statementMap":{"0":{"start":{"line":1,"column":0},"end":{"line":1,"column":34}},"1":{"start":{"line":5,"column":2},"end":{"line":10,"column":5}},"2":{"start":{"line":14,"column":2},"end":{"line":16,"column":5}},"3":{"start":{"line":24,"column":2},"end":{"line":30,"column":5}},"4":{"start":{"line":36,"column":29},"end":{"line":40,"column":2}},"5":{"start":{"line":42,"column":0},"end":{"line":42,"column":36}}},"fnMap":{"0":{"name":"findWithAddressByUserId","decl":{"start":{"line":4,"column":15},"end":{"line":4,"column":38}},"loc":{"start":{"line":4,"column":53},"end":{"line":11,"column":1}}},"1":{"name":"findById","decl":{"start":{"line":13,"column":15},"end":{"line":13,"column":23}},"loc":{"start":{"line":13,"column":44},"end":{"line":17,"column":1}}},"2":{"name":"upsert","decl":{"start":{"line":19,"column":15},"end":{"line":19,"column":21}},"loc":{"start":{"line":22,"column":43},"end":{"line":31,"column":1}}}},"branchMap":{},"s":{"0":1,"1":6,"2":0,"3":0,"4":1,"5":1},"f":{"0":6,"1":0,"2":0},"b":{}}
,"/home/joaofp/drivent-boaspraticas/src/repositories/event-repository/index.ts": {"path":"/home/joaofp/drivent-boaspraticas/src/repositories/event-repository/index.ts","statementMap":{"0":{"start":{"line":1,"column":0},"end":{"line":1,"column":34}},"1":{"start":{"line":4,"column":2},"end":{"line":4,"column":34}},"2":{"start":{"line":7,"column":24},"end":{"line":9,"column":2}},"3":{"start":{"line":11,"column":0},"end":{"line":11,"column":31}}},"fnMap":{"0":{"name":"findFirst","decl":{"start":{"line":3,"column":15},"end":{"line":3,"column":24}},"loc":{"start":{"line":3,"column":24},"end":{"line":5,"column":1}}}},"branchMap":{},"s":{"0":1,"1":0,"2":1,"3":1},"f":{"0":0},"b":{}}
,"/home/joaofp/drivent-boaspraticas/src/repositories/hotel-repository/index.ts": {"path":"/home/joaofp/drivent-boaspraticas/src/repositories/hotel-repository/index.ts","statementMap":{"0":{"start":{"line":1,"column":0},"end":{"line":1,"column":34}},"1":{"start":{"line":4,"column":2},"end":{"line":4,"column":33}},"2":{"start":{"line":8,"column":2},"end":{"line":15,"column":5}},"3":{"start":{"line":18,"column":24},"end":{"line":21,"column":2}},"4":{"start":{"line":23,"column":0},"end":{"line":23,"column":31}}},"fnMap":{"0":{"name":"findHotels","decl":{"start":{"line":3,"column":15},"end":{"line":3,"column":25}},"loc":{"start":{"line":3,"column":25},"end":{"line":5,"column":1}}},"1":{"name":"findRoomsByHotelId","decl":{"start":{"line":7,"column":15},"end":{"line":7,"column":33}},"loc":{"start":{"line":7,"column":49},"end":{"line":16,"column":1}}}},"branchMap":{},"s":{"0":1,"1":0,"2":0,"3":1,"4":1},"f":{"0":0,"1":0},"b":{}}
,"/home/joaofp/drivent-boaspraticas/src/repositories/payment-repository/index.ts": {"path":"/home/joaofp/drivent-boaspraticas/src/repositories/payment-repository/index.ts","statementMap":{"0":{"start":{"line":1,"column":0},"end":{"line":1,"column":34}},"1":{"start":{"line":5,"column":2},"end":{"line":9,"column":5}},"2":{"start":{"line":13,"column":2},"end":{"line":18,"column":5}},"3":{"start":{"line":23,"column":26},"end":{"line":26,"column":2}},"4":{"start":{"line":28,"column":0},"end":{"line":28,"column":33}}},"fnMap":{"0":{"name":"findPaymentByTicketId","decl":{"start":{"line":4,"column":15},"end":{"line":4,"column":36}},"loc":{"start":{"line":4,"column":53},"end":{"line":10,"column":1}}},"1":{"name":"createPayment","decl":{"start":{"line":12,"column":15},"end":{"line":12,"column":28}},"loc":{"start":{"line":12,"column":68},"end":{"line":19,"column":1}}}},"branchMap":{},"s":{"0":1,"1":0,"2":0,"3":1,"4":1},"f":{"0":0,"1":0},"b":{}}
,"/home/joaofp/drivent-boaspraticas/src/repositories/session-repository/index.ts": {"path":"/home/joaofp/drivent-boaspraticas/src/repositories/session-repository/index.ts","statementMap":{"0":{"start":{"line":1,"column":0},"end":{"line":1,"column":34}},"1":{"start":{"line":5,"column":2},"end":{"line":7,"column":5}},"2":{"start":{"line":10,"column":26},"end":{"line":12,"column":2}},"3":{"start":{"line":14,"column":0},"end":{"line":14,"column":33}}},"fnMap":{"0":{"name":"create","decl":{"start":{"line":4,"column":15},"end":{"line":4,"column":21}},"loc":{"start":{"line":4,"column":62},"end":{"line":8,"column":1}}}},"branchMap":{},"s":{"0":1,"1":0,"2":1,"3":1},"f":{"0":0},"b":{}}
,"/home/joaofp/drivent-boaspraticas/src/repositories/ticket-repository/index.ts": {"path":"/home/joaofp/drivent-boaspraticas/src/repositories/ticket-repository/index.ts","statementMap":{"0":{"start":{"line":1,"column":0},"end":{"line":1,"column":34}},"1":{"start":{"line":2,"column":0},"end":{"line":2,"column":54}},"2":{"start":{"line":5,"column":2},"end":{"line":5,"column":38}},"3":{"start":{"line":9,"column":2},"end":{"line":16,"column":5}},"4":{"start":{"line":19,"column":2},"end":{"line":26,"column":5}},"5":{"start":{"line":30,"column":2},"end":{"line":37,"column":5}},"6":{"start":{"line":41,"column":2},"end":{"line":45,"column":5}},"7":{"start":{"line":49,"column":2},"end":{"line":56,"column":5}},"8":{"start":{"line":61,"column":25},"end":{"line":68,"column":2}},"9":{"start":{"line":70,"column":0},"end":{"line":70,"column":32}}},"fnMap":{"0":{"name":"findTicketTypes","decl":{"start":{"line":4,"column":15},"end":{"line":4,"column":30}},"loc":{"start":{"line":4,"column":30},"end":{"line":6,"column":1}}},"1":{"name":"findTickeyById","decl":{"start":{"line":8,"column":15},"end":{"line":8,"column":29}},"loc":{"start":{"line":8,"column":46},"end":{"line":17,"column":1}}},"2":{"name":"findTickeWithTypeById","decl":{"start":{"line":18,"column":15},"end":{"line":18,"column":36}},"loc":{"start":{"line":18,"column":53},"end":{"line":27,"column":1}}},"3":{"name":"findTicketByEnrollmentId","decl":{"start":{"line":29,"column":15},"end":{"line":29,"column":39}},"loc":{"start":{"line":29,"column":60},"end":{"line":38,"column":1}}},"4":{"name":"createTicket","decl":{"start":{"line":40,"column":15},"end":{"line":40,"column":27}},"loc":{"start":{"line":40,"column":54},"end":{"line":46,"column":1}}},"5":{"name":"ticketProcessPayment","decl":{"start":{"line":48,"column":15},"end":{"line":48,"column":35}},"loc":{"start":{"line":48,"column":52},"end":{"line":57,"column":1}}}},"branchMap":{},"s":{"0":1,"1":1,"2":0,"3":0,"4":0,"5":6,"6":0,"7":0,"8":1,"9":1},"f":{"0":0,"1":0,"2":0,"3":6,"4":0,"5":0},"b":{}}
,"/home/joaofp/drivent-boaspraticas/src/repositories/user-repository/index.ts": {"path":"/home/joaofp/drivent-boaspraticas/src/repositories/user-repository/index.ts","statementMap":{"0":{"start":{"line":1,"column":0},"end":{"line":1,"column":34}},"1":{"start":{"line":5,"column":44},"end":{"line":9,"column":4}},"2":{"start":{"line":11,"column":2},"end":{"line":13,"column":null}},"3":{"start":{"line":12,"column":4},"end":{"line":12,"column":27}},"4":{"start":{"line":15,"column":2},"end":{"line":15,"column":40}},"5":{"start":{"line":19,"column":2},"end":{"line":21,"column":5}},"6":{"start":{"line":24,"column":23},"end":{"line":27,"column":2}},"7":{"start":{"line":29,"column":0},"end":{"line":29,"column":30}}},"fnMap":{"0":{"name":"findByEmail","decl":{"start":{"line":4,"column":15},"end":{"line":4,"column":26}},"loc":{"start":{"line":4,"column":68},"end":{"line":16,"column":1}}},"1":{"name":"create","decl":{"start":{"line":18,"column":15},"end":{"line":18,"column":21}},"loc":{"start":{"line":18,"column":59},"end":{"line":22,"column":1}}}},"branchMap":{"0":{"loc":{"start":{"line":11,"column":2},"end":{"line":13,"column":null}},"type":"if","locations":[{"start":{"line":11,"column":2},"end":{"line":13,"column":null}}]}},"s":{"0":1,"1":0,"2":0,"3":0,"4":0,"5":0,"6":1,"7":1},"f":{"0":0,"1":0},"b":{"0":[0]}}
,"/home/joaofp/drivent-boaspraticas/src/routers/authentication-router.ts": {"path":"/home/joaofp/drivent-boaspraticas/src/routers/authentication-router.ts","statementMap":{"0":{"start":{"line":1,"column":0},"end":{"line":1,"column":43}},"1":{"start":{"line":2,"column":0},"end":{"line":2,"column":45}},"2":{"start":{"line":3,"column":0},"end":{"line":3,"column":41}},"3":{"start":{"line":4,"column":0},"end":{"line":4,"column":33}},"4":{"start":{"line":6,"column":29},"end":{"line":6,"column":37}},"5":{"start":{"line":10,"column":9},"end":{"line":10,"column":29}},"6":{"start":{"line":8,"column":0},"end":{"line":8,"column":78}}},"fnMap":{},"branchMap":{},"s":{"0":1,"1":1,"2":1,"3":1,"4":1,"5":1,"6":1},"f":{},"b":{}}
,"/home/joaofp/drivent-boaspraticas/src/routers/bookings-router.ts": {"path":"/home/joaofp/drivent-boaspraticas/src/routers/bookings-router.ts","statementMap":{"0":{"start":{"line":1,"column":0},"end":{"line":1,"column":33}},"1":{"start":{"line":2,"column":0},"end":{"line":2,"column":50}},"2":{"start":{"line":3,"column":0},"end":{"line":3,"column":94}},"3":{"start":{"line":5,"column":23},"end":{"line":5,"column":31}},"4":{"start":{"line":13,"column":9},"end":{"line":13,"column":23}},"5":{"start":{"line":7,"column":0},"end":{"line":11,"column":null}}},"fnMap":{},"branchMap":{},"s":{"0":1,"1":1,"2":1,"3":1,"4":1,"5":1},"f":{},"b":{}}
,"/home/joaofp/drivent-boaspraticas/src/routers/enrollments-router.ts": {"path":"/home/joaofp/drivent-boaspraticas/src/routers/enrollments-router.ts","statementMap":{"0":{"start":{"line":1,"column":0},"end":{"line":1,"column":33}},"1":{"start":{"line":2,"column":0},"end":{"line":2,"column":64}},"2":{"start":{"line":3,"column":0},"end":{"line":3,"column":101}},"3":{"start":{"line":4,"column":0},"end":{"line":4,"column":51}},"4":{"start":{"line":6,"column":26},"end":{"line":6,"column":34}},"5":{"start":{"line":14,"column":9},"end":{"line":14,"column":26}},"6":{"start":{"line":8,"column":0},"end":{"line":12,"column":81}}},"fnMap":{},"branchMap":{},"s":{"0":1,"1":1,"2":1,"3":1,"4":1,"5":1,"6":1},"f":{},"b":{}}
,"/home/joaofp/drivent-boaspraticas/src/routers/events-router.ts": {"path":"/home/joaofp/drivent-boaspraticas/src/routers/events-router.ts","statementMap":{"0":{"start":{"line":1,"column":0},"end":{"line":1,"column":33}},"1":{"start":{"line":2,"column":0},"end":{"line":2,"column":48}},"2":{"start":{"line":4,"column":21},"end":{"line":4,"column":29}},"3":{"start":{"line":8,"column":9},"end":{"line":8,"column":21}},"4":{"start":{"line":6,"column":0},"end":{"line":6,"column":39}}},"fnMap":{},"branchMap":{},"s":{"0":1,"1":1,"2":1,"3":1,"4":1},"f":{},"b":{}}
,"/home/joaofp/drivent-boaspraticas/src/routers/hotels-router.ts": {"path":"/home/joaofp/drivent-boaspraticas/src/routers/hotels-router.ts","statementMap":{"0":{"start":{"line":1,"column":0},"end":{"line":1,"column":33}},"1":{"start":{"line":2,"column":0},"end":{"line":2,"column":50}},"2":{"start":{"line":3,"column":0},"end":{"line":3,"column":62}},"3":{"start":{"line":5,"column":21},"end":{"line":5,"column":29}},"4":{"start":{"line":12,"column":9},"end":{"line":12,"column":21}},"5":{"start":{"line":7,"column":0},"end":{"line":10,"column":40}}},"fnMap":{},"branchMap":{},"s":{"0":1,"1":1,"2":1,"3":1,"4":1,"5":1},"f":{},"b":{}}
,"/home/joaofp/drivent-boaspraticas/src/routers/index.ts": {"path":"/home/joaofp/drivent-boaspraticas/src/routers/index.ts","statementMap":{"0":{"start":{"line":1,"column":0},"end":{"line":1,"column":31}},"1":{"start":{"line":2,"column":0},"end":{"line":2,"column":40}},"2":{"start":{"line":3,"column":0},"end":{"line":3,"column":32}},"3":{"start":{"line":4,"column":0},"end":{"line":4,"column":37}},"4":{"start":{"line":5,"column":0},"end":{"line":5,"column":33}},"5":{"start":{"line":6,"column":0},"end":{"line":6,"column":34}},"6":{"start":{"line":7,"column":0},"end":{"line":7,"column":32}},"7":{"start":{"line":8,"column":0},"end":{"line":8,"column":34}}},"fnMap":{},"branchMap":{},"s":{"0":1,"1":1,"2":1,"3":1,"4":1,"5":1,"6":1,"7":1},"f":{},"b":{}}
,"/home/joaofp/drivent-boaspraticas/src/routers/payments-router.ts": {"path":"/home/joaofp/drivent-boaspraticas/src/routers/payments-router.ts","statementMap":{"0":{"start":{"line":1,"column":0},"end":{"line":1,"column":33}},"1":{"start":{"line":2,"column":0},"end":{"line":2,"column":50}},"2":{"start":{"line":3,"column":0},"end":{"line":3,"column":69}},"3":{"start":{"line":5,"column":23},"end":{"line":5,"column":31}},"4":{"start":{"line":12,"column":9},"end":{"line":12,"column":23}},"5":{"start":{"line":7,"column":0},"end":{"line":10,"column":36}}},"fnMap":{},"branchMap":{},"s":{"0":1,"1":1,"2":1,"3":1,"4":1,"5":1},"f":{},"b":{}}
,"/home/joaofp/drivent-boaspraticas/src/routers/tickets-router.ts": {"path":"/home/joaofp/drivent-boaspraticas/src/routers/tickets-router.ts","statementMap":{"0":{"start":{"line":1,"column":0},"end":{"line":1,"column":33}},"1":{"start":{"line":2,"column":0},"end":{"line":2,"column":50}},"2":{"start":{"line":3,"column":0},"end":{"line":3,"column":73}},"3":{"start":{"line":5,"column":22},"end":{"line":5,"column":30}},"4":{"start":{"line":13,"column":9},"end":{"line":13,"column":22}},"5":{"start":{"line":7,"column":0},"end":{"line":11,"column":26}}},"fnMap":{},"branchMap":{},"s":{"0":1,"1":1,"2":1,"3":1,"4":1,"5":1},"f":{},"b":{}}
,"/home/joaofp/drivent-boaspraticas/src/routers/users-router.ts": {"path":"/home/joaofp/drivent-boaspraticas/src/routers/users-router.ts","statementMap":{"0":{"start":{"line":1,"column":0},"end":{"line":1,"column":33}},"1":{"start":{"line":3,"column":0},"end":{"line":3,"column":45}},"2":{"start":{"line":4,"column":0},"end":{"line":4,"column":45}},"3":{"start":{"line":5,"column":0},"end":{"line":5,"column":42}},"4":{"start":{"line":7,"column":20},"end":{"line":7,"column":28}},"5":{"start":{"line":11,"column":9},"end":{"line":11,"column":20}},"6":{"start":{"line":9,"column":0},"end":{"line":9,"column":65}}},"fnMap":{},"branchMap":{},"s":{"0":1,"1":1,"2":1,"3":1,"4":1,"5":1,"6":1},"f":{},"b":{}}
,"/home/joaofp/drivent-boaspraticas/src/schemas/authentication-schemas.ts": {"path":"/home/joaofp/drivent-boaspraticas/src/schemas/authentication-schemas.ts","statementMap":{"0":{"start":{"line":2,"column":0},"end":{"line":2,"column":22}},"1":{"start":{"line":4,"column":13},"end":{"line":7,"column":3}}},"fnMap":{},"branchMap":{},"s":{"0":1,"1":1},"f":{},"b":{}}
,"/home/joaofp/drivent-boaspraticas/src/schemas/enrollments-schemas.ts": {"path":"/home/joaofp/drivent-boaspraticas/src/schemas/enrollments-schemas.ts","statementMap":{"0":{"start":{"line":2,"column":0},"end":{"line":2,"column":105}},"1":{"start":{"line":3,"column":0},"end":{"line":3,"column":22}},"2":{"start":{"line":5,"column":28},"end":{"line":5,"column":87}},"3":{"start":{"line":7,"column":28},"end":{"line":7,"column":86}},"4":{"start":{"line":9,"column":36},"end":{"line":9,"column":108}},"5":{"start":{"line":11,"column":13},"end":{"line":28,"column":3}},"6":{"start":{"line":23,"column":39},"end":{"line":23,"column":45}},"7":{"start":{"line":31,"column":2},"end":{"line":31,"column":27}},"8":{"start":{"line":31,"column":14},"end":{"line":31,"column":27}},"9":{"start":{"line":33,"column":2},"end":{"line":35,"column":null}},"10":{"start":{"line":34,"column":4},"end":{"line":34,"column":40}},"11":{"start":{"line":37,"column":2},"end":{"line":37,"column":15}},"12":{"start":{"line":41,"column":2},"end":{"line":41,"column":27}},"13":{"start":{"line":41,"column":14},"end":{"line":41,"column":27}},"14":{"start":{"line":43,"column":2},"end":{"line":45,"column":null}},"15":{"start":{"line":44,"column":4},"end":{"line":44,"column":40}},"16":{"start":{"line":47,"column":2},"end":{"line":47,"column":15}},"17":{"start":{"line":51,"column":2},"end":{"line":51,"column":27}},"18":{"start":{"line":51,"column":14},"end":{"line":51,"column":27}},"19":{"start":{"line":53,"column":2},"end":{"line":55,"column":null}},"20":{"start":{"line":54,"column":4},"end":{"line":54,"column":40}},"21":{"start":{"line":57,"column":2},"end":{"line":57,"column":15}}},"fnMap":{"0":{"name":"(anonymous_1)","decl":{"start":{"line":23,"column":32},"end":{"line":23,"column":33}},"loc":{"start":{"line":23,"column":39},"end":{"line":23,"column":45}}},"1":{"name":"joiCpfValidation","decl":{"start":{"line":30,"column":9},"end":{"line":30,"column":25}},"loc":{"start":{"line":30,"column":75},"end":{"line":38,"column":1}}},"2":{"name":"JoiCepValidation","decl":{"start":{"line":40,"column":9},"end":{"line":40,"column":25}},"loc":{"start":{"line":40,"column":75},"end":{"line":48,"column":1}}},"3":{"name":"joiMobilePhoneValidation","decl":{"start":{"line":50,"column":9},"end":{"line":50,"column":33}},"loc":{"start":{"line":50,"column":83},"end":{"line":58,"column":1}}}},"branchMap":{"0":{"loc":{"start":{"line":31,"column":2},"end":{"line":31,"column":27}},"type":"if","locations":[{"start":{"line":31,"column":2},"end":{"line":31,"column":27}}]},"1":{"loc":{"start":{"line":33,"column":2},"end":{"line":35,"column":null}},"type":"if","locations":[{"start":{"line":33,"column":2},"end":{"line":35,"column":null}}]},"2":{"loc":{"start":{"line":41,"column":2},"end":{"line":41,"column":27}},"type":"if","locations":[{"start":{"line":41,"column":2},"end":{"line":41,"column":27}}]},"3":{"loc":{"start":{"line":43,"column":2},"end":{"line":45,"column":null}},"type":"if","locations":[{"start":{"line":43,"column":2},"end":{"line":45,"column":null}}]},"4":{"loc":{"start":{"line":51,"column":2},"end":{"line":51,"column":27}},"type":"if","locations":[{"start":{"line":51,"column":2},"end":{"line":51,"column":27}}]},"5":{"loc":{"start":{"line":53,"column":2},"end":{"line":55,"column":null}},"type":"if","locations":[{"start":{"line":53,"column":2},"end":{"line":55,"column":null}}]}},"s":{"0":1,"1":1,"2":1,"3":1,"4":1,"5":1,"6":27,"7":0,"8":0,"9":0,"10":0,"11":0,"12":0,"13":0,"14":0,"15":0,"16":0,"17":0,"18":0,"19":0,"20":0,"21":0},"f":{"0":27,"1":0,"2":0,"3":0},"b":{"0":[0],"1":[0],"2":[0],"3":[0],"4":[0],"5":[0]}}
,"/home/joaofp/drivent-boaspraticas/src/schemas/index.ts": {"path":"/home/joaofp/drivent-boaspraticas/src/schemas/index.ts","statementMap":{"0":{"start":{"line":1,"column":0},"end":{"line":1,"column":32}},"1":{"start":{"line":2,"column":0},"end":{"line":2,"column":41}},"2":{"start":{"line":3,"column":0},"end":{"line":3,"column":38}}},"fnMap":{},"branchMap":{},"s":{"0":1,"1":1,"2":1},"f":{},"b":{}}
,"/home/joaofp/drivent-boaspraticas/src/schemas/users-schemas.ts": {"path":"/home/joaofp/drivent-boaspraticas/src/schemas/users-schemas.ts","statementMap":{"0":{"start":{"line":2,"column":0},"end":{"line":2,"column":22}},"1":{"start":{"line":4,"column":13},"end":{"line":7,"column":3}}},"fnMap":{},"branchMap":{},"s":{"0":1,"1":1},"f":{},"b":{}}
,"/home/joaofp/drivent-boaspraticas/src/services/index.ts": {"path":"/home/joaofp/drivent-boaspraticas/src/services/index.ts","statementMap":{"0":{"start":{"line":1,"column":0},"end":{"line":1,"column":32}},"1":{"start":{"line":2,"column":0},"end":{"line":2,"column":41}},"2":{"start":{"line":3,"column":0},"end":{"line":3,"column":33}},"3":{"start":{"line":4,"column":0},"end":{"line":4,"column":38}},"4":{"start":{"line":5,"column":0},"end":{"line":5,"column":33}}},"fnMap":{},"branchMap":{},"s":{"0":0,"1":0,"2":0,"3":0,"4":0},"f":{},"b":{}}
,"/home/joaofp/drivent-boaspraticas/src/services/authentication-service/errors.ts": {"path":"/home/joaofp/drivent-boaspraticas/src/services/authentication-service/errors.ts","statementMap":{"0":{"start":{"line":4,"column":2},"end":{"line":7,"column":4}},"1":{"start":{"line":3,"column":0},"end":{"line":3,"column":16}}},"fnMap":{"0":{"name":"invalidCredentialsError","decl":{"start":{"line":3,"column":16},"end":{"line":3,"column":39}},"loc":{"start":{"line":3,"column":39},"end":{"line":8,"column":1}}}},"branchMap":{},"s":{"0":0,"1":1},"f":{"0":0},"b":{}}
,"/home/joaofp/drivent-boaspraticas/src/services/authentication-service/index.ts": {"path":"/home/joaofp/drivent-boaspraticas/src/services/authentication-service/index.ts","statementMap":{"0":{"start":{"line":1,"column":0},"end":{"line":1,"column":66}},"1":{"start":{"line":2,"column":0},"end":{"line":2,"column":60}},"2":{"start":{"line":3,"column":0},"end":{"line":3,"column":47}},"3":{"start":{"line":5,"column":0},"end":{"line":5,"column":28}},"4":{"start":{"line":6,"column":0},"end":{"line":6,"column":31}},"5":{"start":{"line":7,"column":0},"end":{"line":7,"column":51}},"6":{"start":{"line":10,"column":30},"end":{"line":10,"column":36}},"7":{"start":{"line":12,"column":15},"end":{"line":12,"column":41}},"8":{"start":{"line":14,"column":2},"end":{"line":14,"column":56}},"9":{"start":{"line":16,"column":16},"end":{"line":16,"column":44}},"10":{"start":{"line":18,"column":2},"end":{"line":21,"column":4}},"11":{"start":{"line":25,"column":15},"end":{"line":25,"column":97}},"12":{"start":{"line":26,"column":2},"end":{"line":26,"column":45}},"13":{"start":{"line":26,"column":13},"end":{"line":26,"column":45}},"14":{"start":{"line":28,"column":2},"end":{"line":28,"column":14}},"15":{"start":{"line":32,"column":16},"end":{"line":32,"column":60}},"16":{"start":{"line":33,"column":2},"end":{"line":36,"column":5}},"17":{"start":{"line":38,"column":2},"end":{"line":38,"column":15}},"18":{"start":{"line":42,"column":26},"end":{"line":42,"column":70}},"19":{"start":{"line":43,"column":2},"end":{"line":43,"column":56}},"20":{"start":{"line":43,"column":24},"end":{"line":43,"column":56}},"21":{"start":{"line":55,"column":30},"end":{"line":57,"column":2}},"22":{"start":{"line":59,"column":0},"end":{"line":59,"column":37}},"23":{"start":{"line":60,"column":0},"end":{"line":60,"column":25}}},"fnMap":{"0":{"name":"signIn","decl":{"start":{"line":9,"column":15},"end":{"line":9,"column":21}},"loc":{"start":{"line":9,"column":42},"end":{"line":22,"column":1}}},"1":{"name":"getUserOrFail","decl":{"start":{"line":24,"column":15},"end":{"line":24,"column":28}},"loc":{"start":{"line":24,"column":42},"end":{"line":29,"column":1}}},"2":{"name":"createSession","decl":{"start":{"line":31,"column":15},"end":{"line":31,"column":28}},"loc":{"start":{"line":31,"column":43},"end":{"line":39,"column":1}}},"3":{"name":"validatePasswordOrFail","decl":{"start":{"line":41,"column":15},"end":{"line":41,"column":37}},"loc":{"start":{"line":41,"column":76},"end":{"line":44,"column":1}}}},"branchMap":{"0":{"loc":{"start":{"line":26,"column":2},"end":{"line":26,"column":45}},"type":"if","locations":[{"start":{"line":26,"column":2},"end":{"line":26,"column":45}}]},"1":{"loc":{"start":{"line":43,"column":2},"end":{"line":43,"column":56}},"type":"if","locations":[{"start":{"line":43,"column":2},"end":{"line":43,"column":56}}]}},"s":{"0":1,"1":1,"2":1,"3":1,"4":1,"5":1,"6":0,"7":0,"8":0,"9":0,"10":0,"11":0,"12":0,"13":0,"14":0,"15":0,"16":0,"17":0,"18":0,"19":0,"20":0,"21":1,"22":1,"23":1},"f":{"0":0,"1":0,"2":0,"3":0},"b":{"0":[0],"1":[0]}}
,"/home/joaofp/drivent-boaspraticas/src/services/bookings-service/index.ts": {"path":"/home/joaofp/drivent-boaspraticas/src/services/bookings-service/index.ts","statementMap":{"0":{"start":{"line":1,"column":0},"end":{"line":1,"column":60}},"1":{"start":{"line":2,"column":0},"end":{"line":2,"column":66}},"2":{"start":{"line":3,"column":0},"end":{"line":3,"column":72}},"3":{"start":{"line":4,"column":0},"end":{"line":4,"column":64}},"4":{"start":{"line":5,"column":0},"end":{"line":5,"column":74}},"5":{"start":{"line":6,"column":0},"end":{"line":6,"column":40}},"6":{"start":{"line":10,"column":20},"end":{"line":10,"column":70}},"7":{"start":{"line":11,"column":4},"end":{"line":13,"column":null}},"8":{"start":{"line":12,"column":8},"end":{"line":12,"column":30}},"9":{"start":{"line":14,"column":17},"end":{"line":14,"column":81}},"10":{"start":{"line":15,"column":17},"end":{"line":18,"column":6}},"11":{"start":{"line":19,"column":4},"end":{"line":19,"column":16}},"12":{"start":{"line":23,"column":23},"end":{"line":23,"column":81}},"13":{"start":{"line":25,"column":19},"end":{"line":25,"column":81}},"14":{"start":{"line":27,"column":4},"end":{"line":29,"column":null}},"15":{"start":{"line":28,"column":8},"end":{"line":28,"column":38}},"16":{"start":{"line":31,"column":17},"end":{"line":31,"column":73}},"17":{"start":{"line":33,"column":4},"end":{"line":35,"column":null}},"18":{"start":{"line":34,"column":8},"end":{"line":34,"column":24}},"19":{"start":{"line":37,"column":24},"end":{"line":40,"column":6}},"20":{"start":{"line":42,"column":20},"end":{"line":42,"column":70}},"21":{"start":{"line":44,"column":4},"end":{"line":44,"column":19}},"22":{"start":{"line":48,"column":20},"end":{"line":48,"column":70}},"23":{"start":{"line":49,"column":4},"end":{"line":51,"column":null}},"24":{"start":{"line":50,"column":8},"end":{"line":50,"column":24}},"25":{"start":{"line":53,"column":17},"end":{"line":53,"column":73}},"26":{"start":{"line":55,"column":4},"end":{"line":57,"column":null}},"27":{"start":{"line":56,"column":8},"end":{"line":56,"column":24}},"28":{"start":{"line":59,"column":27},"end":{"line":59,"column":94}},"29":{"start":{"line":61,"column":4},"end":{"line":61,"column":26}},"30":{"start":{"line":65,"column":23},"end":{"line":69,"column":null}},"31":{"start":{"line":71,"column":0},"end":{"line":71,"column":30}}},"fnMap":{"0":{"name":"getBookingBody","decl":{"start":{"line":9,"column":15},"end":{"line":9,"column":29}},"loc":{"start":{"line":9,"column":44},"end":{"line":20,"column":1}}},"1":{"name":"createBooking","decl":{"start":{"line":22,"column":15},"end":{"line":22,"column":28}},"loc":{"start":{"line":22,"column":59},"end":{"line":45,"column":1}}},"2":{"name":"updateBooking","decl":{"start":{"line":47,"column":15},"end":{"line":47,"column":28}},"loc":{"start":{"line":47,"column":59},"end":{"line":63,"column":1}}}},"branchMap":{"0":{"loc":{"start":{"line":11,"column":4},"end":{"line":13,"column":null}},"type":"if","locations":[{"start":{"line":11,"column":4},"end":{"line":13,"column":null}}]},"1":{"loc":{"start":{"line":27,"column":4},"end":{"line":29,"column":null}},"type":"if","locations":[{"start":{"line":27,"column":4},"end":{"line":29,"column":null}}]},"2":{"loc":{"start":{"line":27,"column":8},"end":{"line":27,"column":113}},"type":"binary-expr","locations":[{"start":{"line":27,"column":8},"end":{"line":27,"column":15}},{"start":{"line":27,"column":19},"end":{"line":27,"column":47}},{"start":{"line":27,"column":51},"end":{"line":27,"column":77}},{"start":{"line":27,"column":81},"end":{"line":27,"column":113}}]},"3":{"loc":{"start":{"line":33,"column":4},"end":{"line":35,"column":null}},"type":"if","locations":[{"start":{"line":33,"column":4},"end":{"line":35,"column":null}}]},"4":{"loc":{"start":{"line":49,"column":4},"end":{"line":51,"column":null}},"type":"if","locations":[{"start":{"line":49,"column":4},"end":{"line":51,"column":null}}]},"5":{"loc":{"start":{"line":55,"column":4},"end":{"line":57,"column":null}},"type":"if","locations":[{"start":{"line":55,"column":4},"end":{"line":57,"column":null}}]}},"s":{"0":1,"1":1,"2":1,"3":1,"4":1,"5":1,"6":2,"7":2,"8":1,"9":1,"10":1,"11":1,"12":6,"13":6,"14":6,"15":4,"16":2,"17":2,"18":1,"19":1,"20":1,"21":1,"22":3,"23":3,"24":1,"25":2,"26":2,"27":1,"28":1,"29":1,"30":1,"31":1},"f":{"0":2,"1":6,"2":3},"b":{"0":[1],"1":[4],"2":[6,5,4,3],"3":[1],"4":[1],"5":[1]}}
,"/home/joaofp/drivent-boaspraticas/src/services/enrollments-service/index.ts": {"path":"/home/joaofp/drivent-boaspraticas/src/services/enrollments-service/index.ts","statementMap":{"0":{"start":{"line":2,"column":0},"end":{"line":2,"column":49}},"1":{"start":{"line":3,"column":0},"end":{"line":3,"column":41}},"2":{"start":{"line":4,"column":0},"end":{"line":4,"column":91}},"3":{"start":{"line":5,"column":0},"end":{"line":5,"column":100}},"4":{"start":{"line":6,"column":0},"end":{"line":6,"column":47}},"5":{"start":{"line":10,"column":17},"end":{"line":10,"column":38}},"6":{"start":{"line":12,"column":2},"end":{"line":14,"column":null}},"7":{"start":{"line":13,"column":4},"end":{"line":13,"column":26}},"8":{"start":{"line":22,"column":6},"end":{"line":22,"column":12}},"9":{"start":{"line":24,"column":18},"end":{"line":30,"column":4}},"10":{"start":{"line":32,"column":2},"end":{"line":32,"column":17}},"11":{"start":{"line":36,"column":32},"end":{"line":36,"column":90}},"12":{"start":{"line":38,"column":2},"end":{"line":38,"column":52}},"13":{"start":{"line":38,"column":30},"end":{"line":38,"column":52}},"14":{"start":{"line":40,"column":25},"end":{"line":40,"column":54}},"15":{"start":{"line":41,"column":18},"end":{"line":41,"column":47}},"16":{"start":{"line":43,"column":2},"end":{"line":46,"column":4}},"17":{"start":{"line":52,"column":2},"end":{"line":52,"column":33}},"18":{"start":{"line":52,"column":21},"end":{"line":52,"column":33}},"19":{"start":{"line":54,"column":2},"end":{"line":54,"column":73}},"20":{"start":{"line":60,"column":21},"end":{"line":60,"column":47}},"21":{"start":{"line":61,"column":18},"end":{"line":61,"column":53}},"22":{"start":{"line":65,"column":17},"end":{"line":65,"column":53}},"23":{"start":{"line":66,"column":2},"end":{"line":68,"column":null}},"24":{"start":{"line":67,"column":4},"end":{"line":67,"column":26}},"25":{"start":{"line":70,"column":24},"end":{"line":70,"column":115}},"26":{"start":{"line":72,"column":2},"end":{"line":72,"column":69}},"27":{"start":{"line":76,"column":2},"end":{"line":79,"column":4}},"28":{"start":{"line":86,"column":27},"end":{"line":90,"column":2}},"29":{"start":{"line":92,"column":0},"end":{"line":92,"column":34}}},"fnMap":{"0":{"name":"getAddressFromCEP","decl":{"start":{"line":9,"column":15},"end":{"line":9,"column":32}},"loc":{"start":{"line":9,"column":44},"end":{"line":33,"column":1}}},"1":{"name":"getOneWithAddressByUserId","decl":{"start":{"line":35,"column":15},"end":{"line":35,"column":40}},"loc":{"start":{"line":35,"column":55},"end":{"line":47,"column":1}}},"2":{"name":"getFirstAddress","decl":{"start":{"line":51,"column":9},"end":{"line":51,"column":24}},"loc":{"start":{"line":51,"column":46},"end":{"line":55,"column":1}}},"3":{"name":"createOrUpdateEnrollmentWithAddress","decl":{"start":{"line":59,"column":15},"end":{"line":59,"column":50}},"loc":{"start":{"line":59,"column":94},"end":{"line":73,"column":1}}},"4":{"name":"getAddressForUpsert","decl":{"start":{"line":75,"column":9},"end":{"line":75,"column":28}},"loc":{"start":{"line":75,"column":57},"end":{"line":80,"column":1}}}},"branchMap":{"0":{"loc":{"start":{"line":12,"column":2},"end":{"line":14,"column":null}},"type":"if","locations":[{"start":{"line":12,"column":2},"end":{"line":14,"column":null}}]},"1":{"loc":{"start":{"line":38,"column":2},"end":{"line":38,"column":52}},"type":"if","locations":[{"start":{"line":38,"column":2},"end":{"line":38,"column":52}}]},"2":{"loc":{"start":{"line":45,"column":8},"end":{"line":45,"column":32}},"type":"binary-expr","locations":[{"start":{"line":45,"column":8},"end":{"line":45,"column":17}},{"start":{"line":45,"column":21},"end":{"line":45,"column":32}}]},"3":{"loc":{"start":{"line":52,"column":2},"end":{"line":52,"column":33}},"type":"if","locations":[{"start":{"line":52,"column":2},"end":{"line":52,"column":33}}]},"4":{"loc":{"start":{"line":66,"column":2},"end":{"line":68,"column":null}},"type":"if","locations":[{"start":{"line":66,"column":2},"end":{"line":68,"column":null}}]},"5":{"loc":{"start":{"line":78,"column":8},"end":{"line":78,"column":74}},"type":"binary-expr","locations":[{"start":{"line":78,"column":8},"end":{"line":78,"column":30}},{"start":{"line":78,"column":34},"end":{"line":78,"column":74}}]}},"s":{"0":1,"1":1,"2":1,"3":1,"4":1,"5":0,"6":0,"7":0,"8":0,"9":0,"10":0,"11":0,"12":0,"13":0,"14":0,"15":0,"16":0,"17":0,"18":0,"19":0,"20":0,"21":0,"22":0,"23":0,"24":0,"25":0,"26":0,"27":0,"28":1,"29":1},"f":{"0":0,"1":0,"2":0,"3":0,"4":0},"b":{"0":[0],"1":[0],"2":[0,0],"3":[0],"4":[0],"5":[0,0]}}
,"/home/joaofp/drivent-boaspraticas/src/services/events-service/index.ts": {"path":"/home/joaofp/drivent-boaspraticas/src/services/events-service/index.ts","statementMap":{"0":{"start":{"line":1,"column":0},"end":{"line":1,"column":41}},"1":{"start":{"line":2,"column":0},"end":{"line":2,"column":62}},"2":{"start":{"line":3,"column":0},"end":{"line":3,"column":47}},"3":{"start":{"line":5,"column":0},"end":{"line":5,"column":26}},"4":{"start":{"line":8,"column":16},"end":{"line":8,"column":49}},"5":{"start":{"line":9,"column":2},"end":{"line":9,"column":36}},"6":{"start":{"line":9,"column":14},"end":{"line":9,"column":36}},"7":{"start":{"line":11,"column":2},"end":{"line":11,"column":50}},"8":{"start":{"line":17,"column":16},"end":{"line":17,"column":49}},"9":{"start":{"line":18,"column":2},"end":{"line":18,"column":27}},"10":{"start":{"line":18,"column":14},"end":{"line":18,"column":27}},"11":{"start":{"line":20,"column":14},"end":{"line":20,"column":21}},"12":{"start":{"line":21,"column":24},"end":{"line":21,"column":45}},"13":{"start":{"line":22,"column":22},"end":{"line":22,"column":41}},"14":{"start":{"line":24,"column":2},"end":{"line":24,"column":65}},"15":{"start":{"line":27,"column":22},"end":{"line":30,"column":2}},"16":{"start":{"line":32,"column":0},"end":{"line":32,"column":29}}},"fnMap":{"0":{"name":"getFirstEvent","decl":{"start":{"line":7,"column":15},"end":{"line":7,"column":28}},"loc":{"start":{"line":7,"column":28},"end":{"line":12,"column":1}}},"1":{"name":"isCurrentEventActive","decl":{"start":{"line":16,"column":15},"end":{"line":16,"column":35}},"loc":{"start":{"line":16,"column":35},"end":{"line":25,"column":1}}}},"branchMap":{"0":{"loc":{"start":{"line":9,"column":2},"end":{"line":9,"column":36}},"type":"if","locations":[{"start":{"line":9,"column":2},"end":{"line":9,"column":36}}]},"1":{"loc":{"start":{"line":18,"column":2},"end":{"line":18,"column":27}},"type":"if","locations":[{"start":{"line":18,"column":2},"end":{"line":18,"column":27}}]},"2":{"loc":{"start":{"line":24,"column":9},"end":{"line":24,"column":64}},"type":"binary-expr","locations":[{"start":{"line":24,"column":9},"end":{"line":24,"column":35}},{"start":{"line":24,"column":39},"end":{"line":24,"column":64}}]}},"s":{"0":1,"1":1,"2":1,"3":1,"4":0,"5":0,"6":0,"7":0,"8":0,"9":0,"10":0,"11":0,"12":0,"13":0,"14":0,"15":1,"16":1},"f":{"0":0,"1":0},"b":{"0":[0],"1":[0],"2":[0,0]}}
,"/home/joaofp/drivent-boaspraticas/src/services/hotels-service/index.ts": {"path":"/home/joaofp/drivent-boaspraticas/src/services/hotels-service/index.ts","statementMap":{"0":{"start":{"line":1,"column":0},"end":{"line":1,"column":62}},"1":{"start":{"line":2,"column":0},"end":{"line":2,"column":72}},"2":{"start":{"line":3,"column":0},"end":{"line":3,"column":64}},"3":{"start":{"line":4,"column":0},"end":{"line":4,"column":41}},"4":{"start":{"line":5,"column":0},"end":{"line":5,"column":74}},"5":{"start":{"line":9,"column":21},"end":{"line":9,"column":79}},"6":{"start":{"line":10,"column":2},"end":{"line":12,"column":null}},"7":{"start":{"line":11,"column":4},"end":{"line":11,"column":26}},"8":{"start":{"line":14,"column":17},"end":{"line":14,"column":79}},"9":{"start":{"line":16,"column":2},"end":{"line":18,"column":null}},"10":{"start":{"line":17,"column":4},"end":{"line":17,"column":34}},"11":{"start":{"line":22,"column":2},"end":{"line":22,"column":27}},"12":{"start":{"line":24,"column":17},"end":{"line":24,"column":51}},"13":{"start":{"line":25,"column":2},"end":{"line":25,"column":16}},"14":{"start":{"line":29,"column":2},"end":{"line":29,"column":27}},"15":{"start":{"line":30,"column":16},"end":{"line":30,"column":65}},"16":{"start":{"line":32,"column":2},"end":{"line":34,"column":null}},"17":{"start":{"line":33,"column":4},"end":{"line":33,"column":26}},"18":{"start":{"line":35,"column":2},"end":{"line":35,"column":15}},"19":{"start":{"line":38,"column":21},"end":{"line":41,"column":2}},"20":{"start":{"line":43,"column":0},"end":{"line":43,"column":28}}},"fnMap":{"0":{"name":"listHotels","decl":{"start":{"line":7,"column":15},"end":{"line":7,"column":25}},"loc":{"start":{"line":7,"column":40},"end":{"line":19,"column":1}}},"1":{"name":"getHotels","decl":{"start":{"line":21,"column":15},"end":{"line":21,"column":24}},"loc":{"start":{"line":21,"column":39},"end":{"line":26,"column":1}}},"2":{"name":"getHotelsWithRooms","decl":{"start":{"line":28,"column":15},"end":{"line":28,"column":33}},"loc":{"start":{"line":28,"column":65},"end":{"line":36,"column":1}}}},"branchMap":{"0":{"loc":{"start":{"line":10,"column":2},"end":{"line":12,"column":null}},"type":"if","locations":[{"start":{"line":10,"column":2},"end":{"line":12,"column":null}}]},"1":{"loc":{"start":{"line":16,"column":2},"end":{"line":18,"column":null}},"type":"if","locations":[{"start":{"line":16,"column":2},"end":{"line":18,"column":null}}]},"2":{"loc":{"start":{"line":16,"column":6},"end":{"line":16,"column":111}},"type":"binary-expr","locations":[{"start":{"line":16,"column":6},"end":{"line":16,"column":13}},{"start":{"line":16,"column":17},"end":{"line":16,"column":45}},{"start":{"line":16,"column":49},"end":{"line":16,"column":75}},{"start":{"line":16,"column":79},"end":{"line":16,"column":111}}]},"3":{"loc":{"start":{"line":32,"column":2},"end":{"line":34,"column":null}},"type":"if","locations":[{"start":{"line":32,"column":2},"end":{"line":34,"column":null}}]}},"s":{"0":1,"1":1,"2":1,"3":1,"4":1,"5":0,"6":0,"7":0,"8":0,"9":0,"10":0,"11":0,"12":0,"13":0,"14":0,"15":0,"16":0,"17":0,"18":0,"19":1,"20":1},"f":{"0":0,"1":0,"2":0},"b":{"0":[0],"1":[0],"2":[0,0,0,0],"3":[0]}}
,"/home/joaofp/drivent-boaspraticas/src/services/payments-service/index.ts": {"path":"/home/joaofp/drivent-boaspraticas/src/services/payments-service/index.ts","statementMap":{"0":{"start":{"line":1,"column":0},"end":{"line":1,"column":60}},"1":{"start":{"line":2,"column":0},"end":{"line":2,"column":85}},"2":{"start":{"line":3,"column":0},"end":{"line":3,"column":64}},"3":{"start":{"line":4,"column":0},"end":{"line":4,"column":72}},"4":{"start":{"line":7,"column":17},"end":{"line":7,"column":64}},"5":{"start":{"line":9,"column":2},"end":{"line":11,"column":null}},"6":{"start":{"line":10,"column":4},"end":{"line":10,"column":26}},"7":{"start":{"line":12,"column":21},"end":{"line":12,"column":77}},"8":{"start":{"line":14,"column":2},"end":{"line":16,"column":null}},"9":{"start":{"line":15,"column":4},"end":{"line":15,"column":30}},"10":{"start":{"line":20,"column":2},"end":{"line":20,"column":52}},"11":{"start":{"line":22,"column":18},"end":{"line":22,"column":73}},"12":{"start":{"line":24,"column":2},"end":{"line":26,"column":null}},"13":{"start":{"line":25,"column":4},"end":{"line":25,"column":26}},"14":{"start":{"line":27,"column":2},"end":{"line":27,"column":17}},"15":{"start":{"line":31,"column":2},"end":{"line":31,"column":52}},"16":{"start":{"line":33,"column":17},"end":{"line":33,"column":71}},"17":{"start":{"line":35,"column":22},"end":{"line":40,"column":4}},"18":{"start":{"line":42,"column":18},"end":{"line":42,"column":78}},"19":{"start":{"line":44,"column":2},"end":{"line":44,"column":56}},"20":{"start":{"line":46,"column":2},"end":{"line":46,"column":17}},"21":{"start":{"line":57,"column":23},"end":{"line":60,"column":2}},"22":{"start":{"line":62,"column":0},"end":{"line":62,"column":30}}},"fnMap":{"0":{"name":"verifyTicketAndEnrollment","decl":{"start":{"line":6,"column":15},"end":{"line":6,"column":40}},"loc":{"start":{"line":6,"column":73},"end":{"line":17,"column":1}}},"1":{"name":"getPaymentByTicketId","decl":{"start":{"line":19,"column":15},"end":{"line":19,"column":35}},"loc":{"start":{"line":19,"column":68},"end":{"line":28,"column":1}}},"2":{"name":"paymentProcess","decl":{"start":{"line":30,"column":15},"end":{"line":30,"column":29}},"loc":{"start":{"line":30,"column":91},"end":{"line":47,"column":1}}}},"branchMap":{"0":{"loc":{"start":{"line":9,"column":2},"end":{"line":11,"column":null}},"type":"if","locations":[{"start":{"line":9,"column":2},"end":{"line":11,"column":null}}]},"1":{"loc":{"start":{"line":14,"column":2},"end":{"line":16,"column":null}},"type":"if","locations":[{"start":{"line":14,"column":2},"end":{"line":16,"column":null}}]},"2":{"loc":{"start":{"line":24,"column":2},"end":{"line":26,"column":null}},"type":"if","locations":[{"start":{"line":24,"column":2},"end":{"line":26,"column":null}}]}},"s":{"0":1,"1":1,"2":1,"3":1,"4":0,"5":0,"6":0,"7":0,"8":0,"9":0,"10":0,"11":0,"12":0,"13":0,"14":0,"15":0,"16":0,"17":0,"18":0,"19":0,"20":0,"21":1,"22":1},"f":{"0":0,"1":0,"2":0},"b":{"0":[0],"1":[0],"2":[0]}}
,"/home/joaofp/drivent-boaspraticas/src/services/tickets-service/index.ts": {"path":"/home/joaofp/drivent-boaspraticas/src/services/tickets-service/index.ts","statementMap":{"0":{"start":{"line":1,"column":0},"end":{"line":1,"column":41}},"1":{"start":{"line":2,"column":0},"end":{"line":2,"column":64}},"2":{"start":{"line":3,"column":0},"end":{"line":3,"column":72}},"3":{"start":{"line":4,"column":0},"end":{"line":4,"column":46}},"4":{"start":{"line":7,"column":22},"end":{"line":7,"column":62}},"5":{"start":{"line":9,"column":2},"end":{"line":11,"column":null}},"6":{"start":{"line":10,"column":4},"end":{"line":10,"column":26}},"7":{"start":{"line":12,"column":2},"end":{"line":12,"column":21}},"8":{"start":{"line":16,"column":21},"end":{"line":16,"column":79}},"9":{"start":{"line":17,"column":2},"end":{"line":19,"column":null}},"10":{"start":{"line":18,"column":4},"end":{"line":18,"column":26}},"11":{"start":{"line":20,"column":17},"end":{"line":20,"column":79}},"12":{"start":{"line":21,"column":2},"end":{"line":23,"column":null}},"13":{"start":{"line":22,"column":4},"end":{"line":22,"column":26}},"14":{"start":{"line":25,"column":2},"end":{"line":25,"column":16}},"15":{"start":{"line":29,"column":21},"end":{"line":29,"column":79}},"16":{"start":{"line":30,"column":2},"end":{"line":32,"column":null}},"17":{"start":{"line":31,"column":4},"end":{"line":31,"column":26}},"18":{"start":{"line":34,"column":21},"end":{"line":38,"column":4}},"19":{"start":{"line":40,"column":2},"end":{"line":40,"column":50}},"20":{"start":{"line":42,"column":17},"end":{"line":42,"column":79}},"21":{"start":{"line":44,"column":2},"end":{"line":44,"column":16}},"22":{"start":{"line":47,"column":22},"end":{"line":51,"column":2}},"23":{"start":{"line":53,"column":0},"end":{"line":53,"column":29}}},"fnMap":{"0":{"name":"getTicketTypes","decl":{"start":{"line":6,"column":15},"end":{"line":6,"column":29}},"loc":{"start":{"line":6,"column":29},"end":{"line":13,"column":1}}},"1":{"name":"getTicketByUserId","decl":{"start":{"line":15,"column":15},"end":{"line":15,"column":32}},"loc":{"start":{"line":15,"column":47},"end":{"line":26,"column":1}}},"2":{"name":"createTicket","decl":{"start":{"line":28,"column":15},"end":{"line":28,"column":27}},"loc":{"start":{"line":28,"column":64},"end":{"line":45,"column":1}}}},"branchMap":{"0":{"loc":{"start":{"line":9,"column":2},"end":{"line":11,"column":null}},"type":"if","locations":[{"start":{"line":9,"column":2},"end":{"line":11,"column":null}}]},"1":{"loc":{"start":{"line":17,"column":2},"end":{"line":19,"column":null}},"type":"if","locations":[{"start":{"line":17,"column":2},"end":{"line":19,"column":null}}]},"2":{"loc":{"start":{"line":21,"column":2},"end":{"line":23,"column":null}},"type":"if","locations":[{"start":{"line":21,"column":2},"end":{"line":23,"column":null}}]},"3":{"loc":{"start":{"line":30,"column":2},"end":{"line":32,"column":null}},"type":"if","locations":[{"start":{"line":30,"column":2},"end":{"line":32,"column":null}}]}},"s":{"0":1,"1":1,"2":1,"3":1,"4":0,"5":0,"6":0,"7":0,"8":0,"9":0,"10":0,"11":0,"12":0,"13":0,"14":0,"15":0,"16":0,"17":0,"18":0,"19":0,"20":0,"21":0,"22":1,"23":1},"f":{"0":0,"1":0,"2":0},"b":{"0":[0],"1":[0],"2":[0],"3":[0]}}
,"/home/joaofp/drivent-boaspraticas/src/services/users-service/errors.ts": {"path":"/home/joaofp/drivent-boaspraticas/src/services/users-service/errors.ts","statementMap":{"0":{"start":{"line":4,"column":2},"end":{"line":7,"column":4}},"1":{"start":{"line":3,"column":0},"end":{"line":3,"column":16}}},"fnMap":{"0":{"name":"duplicatedEmailError","decl":{"start":{"line":3,"column":16},"end":{"line":3,"column":36}},"loc":{"start":{"line":3,"column":36},"end":{"line":8,"column":1}}}},"branchMap":{},"s":{"0":0,"1":1},"f":{"0":0},"b":{}}
,"/home/joaofp/drivent-boaspraticas/src/services/users-service/index.ts": {"path":"/home/joaofp/drivent-boaspraticas/src/services/users-service/index.ts","statementMap":{"0":{"start":{"line":1,"column":0},"end":{"line":1,"column":60}},"1":{"start":{"line":2,"column":0},"end":{"line":2,"column":60}},"2":{"start":{"line":4,"column":0},"end":{"line":4,"column":28}},"3":{"start":{"line":5,"column":0},"end":{"line":5,"column":46}},"4":{"start":{"line":6,"column":0},"end":{"line":6,"column":48}},"5":{"start":{"line":9,"column":2},"end":{"line":9,"column":26}},"6":{"start":{"line":11,"column":2},"end":{"line":11,"column":41}},"7":{"start":{"line":13,"column":25},"end":{"line":13,"column":56}},"8":{"start":{"line":14,"column":2},"end":{"line":17,"column":5}},"9":{"start":{"line":8,"column":0},"end":{"line":8,"column":7}},"10":{"start":{"line":21,"column":28},"end":{"line":21,"column":67}},"11":{"start":{"line":22,"column":2},"end":{"line":24,"column":null}},"12":{"start":{"line":23,"column":4},"end":{"line":23,"column":33}},"13":{"start":{"line":28,"column":20},"end":{"line":28,"column":62}},"14":{"start":{"line":29,"column":2},"end":{"line":31,"column":null}},"15":{"start":{"line":30,"column":4},"end":{"line":30,"column":45}},"16":{"start":{"line":36,"column":20},"end":{"line":38,"column":2}},"17":{"start":{"line":40,"column":0},"end":{"line":40,"column":25}},"18":{"start":{"line":41,"column":0},"end":{"line":41,"column":27}}},"fnMap":{"0":{"name":"createUser","decl":{"start":{"line":8,"column":22},"end":{"line":8,"column":32}},"loc":{"start":{"line":8,"column":70},"end":{"line":18,"column":1}}},"1":{"name":"validateUniqueEmailOrFail","decl":{"start":{"line":20,"column":15},"end":{"line":20,"column":40}},"loc":{"start":{"line":20,"column":54},"end":{"line":25,"column":1}}},"2":{"name":"canEnrollOrFail","decl":{"start":{"line":27,"column":15},"end":{"line":27,"column":30}},"loc":{"start":{"line":27,"column":30},"end":{"line":32,"column":1}}}},"branchMap":{"0":{"loc":{"start":{"line":22,"column":2},"end":{"line":24,"column":null}},"type":"if","locations":[{"start":{"line":22,"column":2},"end":{"line":24,"column":null}}]},"1":{"loc":{"start":{"line":29,"column":2},"end":{"line":31,"column":null}},"type":"if","locations":[{"start":{"line":29,"column":2},"end":{"line":31,"column":null}}]}},"s":{"0":1,"1":1,"2":1,"3":1,"4":1,"5":0,"6":0,"7":0,"8":0,"9":1,"10":0,"11":0,"12":0,"13":0,"14":0,"15":0,"16":1,"17":1,"18":1},"f":{"0":0,"1":0,"2":0},"b":{"0":[0],"1":[0]}}
,"/home/joaofp/drivent-boaspraticas/src/utils/cep-service.ts": {"path":"/home/joaofp/drivent-boaspraticas/src/utils/cep-service.ts","statementMap":{"0":{"start":{"line":2,"column":0},"end":{"line":2,"column":36}},"1":{"start":{"line":5,"column":17},"end":{"line":5,"column":75}},"2":{"start":{"line":6,"column":2},"end":{"line":6,"column":21}},"3":{"start":{"line":10,"column":2},"end":{"line":10,"column":12}}},"fnMap":{"0":{"name":"getAddress","decl":{"start":{"line":4,"column":15},"end":{"line":4,"column":25}},"loc":{"start":{"line":4,"column":37},"end":{"line":7,"column":1}}}},"branchMap":{},"s":{"0":1,"1":0,"2":0,"3":1},"f":{"0":0},"b":{}}
,"/home/joaofp/drivent-boaspraticas/src/utils/prisma-utils.ts": {"path":"/home/joaofp/drivent-boaspraticas/src/utils/prisma-utils.ts","statementMap":{"0":{"start":{"line":2,"column":20},"end":{"line":2,"column":54}},"1":{"start":{"line":3,"column":2},"end":{"line":5,"column":null}},"2":{"start":{"line":4,"column":4},"end":{"line":4,"column":26}},"3":{"start":{"line":6,"column":2},"end":{"line":6,"column":19}},"4":{"start":{"line":1,"column":0},"end":{"line":1,"column":16}}},"fnMap":{"0":{"name":"exclude","decl":{"start":{"line":1,"column":16},"end":{"line":1,"column":23}},"loc":{"start":{"line":1,"column":73},"end":{"line":7,"column":1}}}},"branchMap":{},"s":{"0":0,"1":0,"2":0,"3":0,"4":1},"f":{"0":0},"b":{}}
,"/home/joaofp/drivent-boaspraticas/src/utils/request.ts": {"path":"/home/joaofp/drivent-boaspraticas/src/utils/request.ts","statementMap":{"0":{"start":{"line":1,"column":0},"end":{"line":1,"column":26}},"1":{"start":{"line":2,"column":0},"end":{"line":2,"column":40}},"2":{"start":{"line":5,"column":2},"end":{"line":15,"column":null}},"3":{"start":{"line":6,"column":19},"end":{"line":6,"column":39}},"4":{"start":{"line":7,"column":4},"end":{"line":7,"column":18}},"5":{"start":{"line":12,"column":8},"end":{"line":12,"column":22}},"6":{"start":{"line":14,"column":4},"end":{"line":14,"column":44}},"7":{"start":{"line":18,"column":13},"end":{"line":20,"column":2}}},"fnMap":{"0":{"name":"get","decl":{"start":{"line":4,"column":15},"end":{"line":4,"column":18}},"loc":{"start":{"line":4,"column":30},"end":{"line":16,"column":1}}}},"branchMap":{},"s":{"0":1,"1":1,"2":0,"3":0,"4":0,"5":0,"6":0,"7":1},"f":{"0":0},"b":{}}
}
